--------------- Build Started: 05/16/2021 00:21:42 Project: Sensors, Configuration: ARM GCC 5.4-2016-q2-update Debug ---------------
The code generation step is up to date.
arm-none-eabi-gcc.exe -mcpu=cortex-m3 -mthumb -I. -IGenerated_Source\PSoC5 -Wa,-alh=.\CortexM3\ARM_GCC_541\Debug/main.lst -g -D DEBUG -D CY_CORE_ID=0 -Wall -ffunction-sections -ffat-lto-objects -Og -c main.c -o .\CortexM3\ARM_GCC_541\Debug\main.o
main.c: In function 'main':
main.c:11:9: warning: unused variable 'Compare' [-Wunused-variable]
     int Compare;
         ^
main.c:10:11: warning: unused variable 'speed' [-Wunused-variable]
     float speed;
           ^
main.c:9:11: warning: unused variable 'cpr' [-Wunused-variable]
     float cpr=825.9;
           ^
main.c:8:9: warning: unused variable 'Count_Difference' [-Wunused-variable]
     int Count_Difference;
         ^
main.c:7:9: warning: unused variable 'Count2' [-Wunused-variable]
     int Count2;
         ^
main.c:6:9: warning: unused variable 'Count1' [-Wunused-variable]
     int Count1;
         ^
arm-none-eabi-ar.exe -rs .\CortexM3\ARM_GCC_541\Debug\Sensors.a .\CortexM3\ARM_GCC_541\Debug\Switch_1.o .\CortexM3\ARM_GCC_541\Debug\LCD_Char_1.o .\CortexM3\ARM_GCC_541\Debug\LCD_Char_1_PM.o .\CortexM3\ARM_GCC_541\Debug\LCD_Char_1_LCDPort.o .\CortexM3\ARM_GCC_541\Debug\CyDmac.o .\CortexM3\ARM_GCC_541\Debug\CyFlash.o .\CortexM3\ARM_GCC_541\Debug\CyLib.o .\CortexM3\ARM_GCC_541\Debug\cyPm.o .\CortexM3\ARM_GCC_541\Debug\CySpc.o .\CortexM3\ARM_GCC_541\Debug\cyutils.o .\CortexM3\ARM_GCC_541\Debug\cy_em_eeprom.o .\CortexM3\ARM_GCC_541\Debug\QuadDec_1.o .\CortexM3\ARM_GCC_541\Debug\QuadDec_1_INT.o .\CortexM3\ARM_GCC_541\Debug\QuadDec_1_PM.o .\CortexM3\ARM_GCC_541\Debug\C1.o .\CortexM3\ARM_GCC_541\Debug\C2.o .\CortexM3\ARM_GCC_541\Debug\Clock_1.o .\CortexM3\ARM_GCC_541\Debug\QuadDec_1_isr.o .\CortexM3\ARM_GCC_541\Debug\QuadDec_1_Cnt16.o .\CortexM3\ARM_GCC_541\Debug\QuadDec_1_Cnt16_PM.o .\CortexM3\ARM_GCC_541\Debug\ADC_SAR_Seq_1.o .\CortexM3\ARM_GCC_541\Debug\ADC_SAR_Seq_1_PM.o .\CortexM3\ARM_GCC_541\Debug\ADC_SAR_Seq_1_INT.o .\CortexM3\ARM_GCC_541\Debug\Pin_1.o .\CortexM3\ARM_GCC_541\Debug\ADC_SAR_Seq_1_SAR.o .\CortexM3\ARM_GCC_541\Debug\ADC_SAR_Seq_1_SAR_INT.o .\CortexM3\ARM_GCC_541\Debug\ADC_SAR_Seq_1_SAR_PM.o .\CortexM3\ARM_GCC_541\Debug\ADC_SAR_Seq_1_IntClock.o .\CortexM3\ARM_GCC_541\Debug\ADC_SAR_Seq_1_TempBuf_dma.o .\CortexM3\ARM_GCC_541\Debug\ADC_SAR_Seq_1_FinalBuf_dma.o .\CortexM3\ARM_GCC_541\Debug\ADC_SAR_Seq_1_IRQ.o .\CortexM3\ARM_GCC_541\Debug\PWM_1.o .\CortexM3\ARM_GCC_541\Debug\PWM_1_PM.o .\CortexM3\ARM_GCC_541\Debug\Clock_2.o .\CortexM3\ARM_GCC_541\Debug\Motor1.o .\CortexM3\ARM_GCC_541\Debug\Motor2.o .\CortexM3\ARM_GCC_541\Debug\CyBootAsmGnu.o
arm-none-eabi-ar.exe: creating .\CortexM3\ARM_GCC_541\Debug\Sensors.a
arm-none-eabi-gcc.exe -Wl,--start-group -o "C:\Users\Jorge\Documents\PSoC Creator\Robotics1\Sensors.cydsn\CortexM3\ARM_GCC_541\Debug\Sensors.elf" .\CortexM3\ARM_GCC_541\Debug\main.o .\CortexM3\ARM_GCC_541\Debug\cyfitter_cfg.o .\CortexM3\ARM_GCC_541\Debug\cymetadata.o .\CortexM3\ARM_GCC_541\Debug\Cm3Start.o .\CortexM3\ARM_GCC_541\Debug\Sensors.a "C:\Program Files (x86)\Cypress\PSoC Creator\4.3\PSoC Creator\psoc\content\cycomponentlibrary\CyComponentLibrary.cylib\CortexM3\ARM_GCC_541\Debug\CyComponentLibrary.a" -mcpu=cortex-m3 -mthumb -L Generated_Source\PSoC5 -Wl,-Map,.\CortexM3\ARM_GCC_541\Debug/Sensors.map -T Generated_Source\PSoC5\cm3gcc.ld -specs=nano.specs -Wl,--gc-sections -g -ffunction-sections -Og -ffat-lto-objects -Wl,--end-group
cyelftool.exe -C "C:\Users\Jorge\Documents\PSoC Creator\Robotics1\Sensors.cydsn\CortexM3\ARM_GCC_541\Debug\Sensors.elf" --flash_row_size 256 --flash_size 262144 --flash_offset 0x00000000
No ELF section .cychecksum found, creating one
Application checksum calculated and stored in ELF section .cychecksum
Checksum calculated and stored in ELF section .cymeta
cyelftool.exe -S "C:\Users\Jorge\Documents\PSoC Creator\Robotics1\Sensors.cydsn\CortexM3\ARM_GCC_541\Debug\Sensors.elf"
Flash used: 2846 of 262144 bytes (1.1%).
SRAM used: 2537 of 65536 bytes (3.9%). Stack: 2048 bytes. Heap: 128 bytes.
--------------- Build Succeeded: 05/16/2021 00:21:43 ---------------
