ARM GAS  C:\Users\Jorge\AppData\Local\Temp\ccT3fnyd.s 			page 1


   1              		.syntax unified
   2              		.cpu cortex-m3
   3              		.fpu softvfp
   4              		.eabi_attribute 20, 1
   5              		.eabi_attribute 21, 1
   6              		.eabi_attribute 23, 3
   7              		.eabi_attribute 24, 1
   8              		.eabi_attribute 25, 1
   9              		.eabi_attribute 26, 1
  10              		.eabi_attribute 30, 1
  11              		.eabi_attribute 34, 1
  12              		.eabi_attribute 18, 4
  13              		.thumb
  14              		.syntax unified
  15              		.file	"cymetadata.c"
  16              		.text
  17              	.Ltext0:
  18              		.cfi_sections	.debug_frame
  19              		.global	cy_metadata
  20              		.global	cy_meta_flashprotect
  21              		.global	cy_meta_wonvl
  22              		.global	cy_meta_custnvl
  23              		.global	cy_meta_configecc
  24              		.section	.cyconfigecc,"a",%progbits
  25              		.align	2
  26              		.type	cy_meta_configecc, %object
  27              		.size	cy_meta_configecc, 1684
  28              	cy_meta_configecc:
  29 0000 02       		.byte	2
  30 0001 52       		.byte	82
  31 0002 00       		.byte	0
  32 0003 40       		.byte	64
  33 0004 03       		.byte	3
  34 0005 64       		.byte	100
  35 0006 00       		.byte	0
  36 0007 40       		.byte	64
  37 0008 02       		.byte	2
  38 0009 65       		.byte	101
  39 000a 00       		.byte	0
  40 000b 40       		.byte	64
  41 000c 28       		.byte	40
  42 000d 04       		.byte	4
  43 000e 01       		.byte	1
  44 000f 40       		.byte	64
  45 0010 39       		.byte	57
  46 0011 05       		.byte	5
  47 0012 01       		.byte	1
  48 0013 40       		.byte	64
  49 0014 1E       		.byte	30
  50 0015 06       		.byte	6
  51 0016 01       		.byte	1
  52 0017 40       		.byte	64
  53 0018 31       		.byte	49
  54 0019 07       		.byte	7
  55 001a 01       		.byte	1
  56 001b 40       		.byte	64
  57 001c 58       		.byte	88
ARM GAS  C:\Users\Jorge\AppData\Local\Temp\ccT3fnyd.s 			page 2


  58 001d 08       		.byte	8
  59 001e 01       		.byte	1
  60 001f 40       		.byte	64
  61 0020 3C       		.byte	60
  62 0021 09       		.byte	9
  63 0022 01       		.byte	1
  64 0023 40       		.byte	64
  65 0024 04       		.byte	4
  66 0025 17       		.byte	23
  67 0026 01       		.byte	1
  68 0027 40       		.byte	64
  69 0028 52       		.byte	82
  70 0029 18       		.byte	24
  71 002a 01       		.byte	1
  72 002b 40       		.byte	64
  73 002c 48       		.byte	72
  74 002d 19       		.byte	25
  75 002e 01       		.byte	1
  76 002f 40       		.byte	64
  77 0030 45       		.byte	69
  78 0031 1A       		.byte	26
  79 0032 01       		.byte	1
  80 0033 40       		.byte	64
  81 0034 44       		.byte	68
  82 0035 1B       		.byte	27
  83 0036 01       		.byte	1
  84 0037 40       		.byte	64
  85 0038 06       		.byte	6
  86 0039 41       		.byte	65
  87 003a 01       		.byte	1
  88 003b 40       		.byte	64
  89 003c 06       		.byte	6
  90 003d 42       		.byte	66
  91 003e 01       		.byte	1
  92 003f 40       		.byte	64
  93 0040 03       		.byte	3
  94 0041 43       		.byte	67
  95 0042 01       		.byte	1
  96 0043 40       		.byte	64
  97 0044 02       		.byte	2
  98 0045 48       		.byte	72
  99 0046 01       		.byte	1
 100 0047 40       		.byte	64
 101 0048 08       		.byte	8
 102 0049 4D       		.byte	77
 103 004a 01       		.byte	1
 104 004b 40       		.byte	64
 105 004c 05       		.byte	5
 106 004d 50       		.byte	80
 107 004e 01       		.byte	1
 108 004f 40       		.byte	64
 109 0050 00       		.byte	0
 110 0051 09       		.byte	9
 111 0052 01       		.byte	1
 112 0053 0A       		.byte	10
 113 0054 85       		.byte	-123
 114 0055 0D       		.byte	13
ARM GAS  C:\Users\Jorge\AppData\Local\Temp\ccT3fnyd.s 			page 3


 115 0056 87       		.byte	-121
 116 0057 0F       		.byte	15
 117 0058 89       		.byte	-119
 118 0059 38       		.byte	56
 119 005a 88       		.byte	-120
 120 005b 0F       		.byte	15
 121 005c 8A       		.byte	-118
 122 005d 72       		.byte	114
 123 005e 01       		.byte	1
 124 005f 01       		.byte	1
 125 0060 0A       		.byte	10
 126 0061 1F       		.byte	31
 127 0062 0C       		.byte	12
 128 0063 10       		.byte	16
 129 0064 0E       		.byte	14
 130 0065 04       		.byte	4
 131 0066 18       		.byte	24
 132 0067 18       		.byte	24
 133 0068 1A       		.byte	26
 134 0069 03       		.byte	3
 135 006a 24       		.byte	36
 136 006b 07       		.byte	7
 137 006c 26       		.byte	38
 138 006d 08       		.byte	8
 139 006e 27       		.byte	39
 140 006f 01       		.byte	1
 141 0070 28       		.byte	40
 142 0071 01       		.byte	1
 143 0072 2A       		.byte	42
 144 0073 12       		.byte	18
 145 0074 2C       		.byte	44
 146 0075 06       		.byte	6
 147 0076 2E       		.byte	46
 148 0077 11       		.byte	17
 149 0078 32       		.byte	50
 150 0079 1F       		.byte	31
 151 007a 36       		.byte	54
 152 007b 1F       		.byte	31
 153 007c 37       		.byte	55
 154 007d 01       		.byte	1
 155 007e 3F       		.byte	63
 156 007f 40       		.byte	64
 157 0080 40       		.byte	64
 158 0081 30       		.byte	48
 159 0082 41       		.byte	65
 160 0083 06       		.byte	6
 161 0084 49       		.byte	73
 162 0085 FF       		.byte	-1
 163 0086 4A       		.byte	74
 164 0087 FF       		.byte	-1
 165 0088 4B       		.byte	75
 166 0089 FF       		.byte	-1
 167 008a 4D       		.byte	77
 168 008b A0       		.byte	-96
 169 008c 4F       		.byte	79
 170 008d 04       		.byte	4
 171 008e 50       		.byte	80
ARM GAS  C:\Users\Jorge\AppData\Local\Temp\ccT3fnyd.s 			page 4


 172 008f 18       		.byte	24
 173 0090 58       		.byte	88
 174 0091 04       		.byte	4
 175 0092 59       		.byte	89
 176 0093 04       		.byte	4
 177 0094 5A       		.byte	90
 178 0095 04       		.byte	4
 179 0096 5C       		.byte	92
 180 0097 01       		.byte	1
 181 0098 5D       		.byte	93
 182 0099 01       		.byte	1
 183 009a 5F       		.byte	95
 184 009b 01       		.byte	1
 185 009c 60       		.byte	96
 186 009d 40       		.byte	64
 187 009e 62       		.byte	98
 188 009f C0       		.byte	-64
 189 00a0 64       		.byte	100
 190 00a1 40       		.byte	64
 191 00a2 65       		.byte	101
 192 00a3 40       		.byte	64
 193 00a4 66       		.byte	102
 194 00a5 C0       		.byte	-64
 195 00a6 68       		.byte	104
 196 00a7 C0       		.byte	-64
 197 00a8 6A       		.byte	106
 198 00a9 C0       		.byte	-64
 199 00aa 6C       		.byte	108
 200 00ab C0       		.byte	-64
 201 00ac 6E       		.byte	110
 202 00ad C0       		.byte	-64
 203 00ae 03       		.byte	3
 204 00af 0A       		.byte	10
 205 00b0 04       		.byte	4
 206 00b1 01       		.byte	1
 207 00b2 05       		.byte	5
 208 00b3 06       		.byte	6
 209 00b4 06       		.byte	6
 210 00b5 05       		.byte	5
 211 00b6 09       		.byte	9
 212 00b7 10       		.byte	16
 213 00b8 0D       		.byte	13
 214 00b9 02       		.byte	2
 215 00ba 0E       		.byte	14
 216 00bb 01       		.byte	1
 217 00bc 0F       		.byte	15
 218 00bd 20       		.byte	32
 219 00be 10       		.byte	16
 220 00bf 28       		.byte	40
 221 00c0 11       		.byte	17
 222 00c1 40       		.byte	64
 223 00c2 15       		.byte	21
 224 00c3 14       		.byte	20
 225 00c4 17       		.byte	23
 226 00c5 41       		.byte	65
 227 00c6 19       		.byte	25
 228 00c7 88       		.byte	-120
ARM GAS  C:\Users\Jorge\AppData\Local\Temp\ccT3fnyd.s 			page 5


 229 00c8 1A       		.byte	26
 230 00c9 01       		.byte	1
 231 00ca 1C       		.byte	28
 232 00cb 40       		.byte	64
 233 00cc 1D       		.byte	29
 234 00cd 8C       		.byte	-116
 235 00ce 1E       		.byte	30
 236 00cf 08       		.byte	8
 237 00d0 1F       		.byte	31
 238 00d1 08       		.byte	8
 239 00d2 22       		.byte	34
 240 00d3 40       		.byte	64
 241 00d4 25       		.byte	37
 242 00d5 02       		.byte	2
 243 00d6 27       		.byte	39
 244 00d7 02       		.byte	2
 245 00d8 29       		.byte	41
 246 00d9 08       		.byte	8
 247 00da 2D       		.byte	45
 248 00db 82       		.byte	-126
 249 00dc 2E       		.byte	46
 250 00dd 20       		.byte	32
 251 00de 37       		.byte	55
 252 00df 01       		.byte	1
 253 00e0 38       		.byte	56
 254 00e1 01       		.byte	1
 255 00e2 3E       		.byte	62
 256 00e3 16       		.byte	22
 257 00e4 43       		.byte	67
 258 00e5 08       		.byte	8
 259 00e6 45       		.byte	69
 260 00e7 08       		.byte	8
 261 00e8 46       		.byte	70
 262 00e9 04       		.byte	4
 263 00ea 48       		.byte	72
 264 00eb 04       		.byte	4
 265 00ec 4D       		.byte	77
 266 00ed 01       		.byte	1
 267 00ee 54       		.byte	84
 268 00ef 04       		.byte	4
 269 00f0 55       		.byte	85
 270 00f1 10       		.byte	16
 271 00f2 56       		.byte	86
 272 00f3 27       		.byte	39
 273 00f4 57       		.byte	87
 274 00f5 12       		.byte	18
 275 00f6 5C       		.byte	92
 276 00f7 40       		.byte	64
 277 00f8 5D       		.byte	93
 278 00f9 01       		.byte	1
 279 00fa 5E       		.byte	94
 280 00fb 08       		.byte	8
 281 00fc 6C       		.byte	108
 282 00fd 28       		.byte	40
 283 00fe 6D       		.byte	109
 284 00ff 54       		.byte	84
 285 0100 6E       		.byte	110
ARM GAS  C:\Users\Jorge\AppData\Local\Temp\ccT3fnyd.s 			page 6


 286 0101 14       		.byte	20
 287 0102 6F       		.byte	111
 288 0103 01       		.byte	1
 289 0104 77       		.byte	119
 290 0105 40       		.byte	64
 291 0106 81       		.byte	-127
 292 0107 80       		.byte	-128
 293 0108 96       		.byte	-106
 294 0109 80       		.byte	-128
 295 010a B6       		.byte	-74
 296 010b 40       		.byte	64
 297 010c C0       		.byte	-64
 298 010d F3       		.byte	-13
 299 010e C2       		.byte	-62
 300 010f B2       		.byte	-78
 301 0110 C4       		.byte	-60
 302 0111 F7       		.byte	-9
 303 0112 CA       		.byte	-54
 304 0113 B2       		.byte	-78
 305 0114 CC       		.byte	-52
 306 0115 80       		.byte	-128
 307 0116 CE       		.byte	-50
 308 0117 E1       		.byte	-31
 309 0118 D0       		.byte	-48
 310 0119 62       		.byte	98
 311 011a D2       		.byte	-46
 312 011b 04       		.byte	4
 313 011c D6       		.byte	-42
 314 011d D0       		.byte	-48
 315 011e EA       		.byte	-22
 316 011f 10       		.byte	16
 317 0120 01       		.byte	1
 318 0121 01       		.byte	1
 319 0122 1D       		.byte	29
 320 0123 01       		.byte	1
 321 0124 31       		.byte	49
 322 0125 01       		.byte	1
 323 0126 3F       		.byte	63
 324 0127 01       		.byte	1
 325 0128 40       		.byte	64
 326 0129 30       		.byte	48
 327 012a 41       		.byte	65
 328 012b 04       		.byte	4
 329 012c 49       		.byte	73
 330 012d FF       		.byte	-1
 331 012e 4A       		.byte	74
 332 012f FF       		.byte	-1
 333 0130 4B       		.byte	75
 334 0131 FF       		.byte	-1
 335 0132 4D       		.byte	77
 336 0133 A0       		.byte	-96
 337 0134 4F       		.byte	79
 338 0135 04       		.byte	4
 339 0136 50       		.byte	80
 340 0137 18       		.byte	24
 341 0138 59       		.byte	89
 342 0139 04       		.byte	4
ARM GAS  C:\Users\Jorge\AppData\Local\Temp\ccT3fnyd.s 			page 7


 343 013a 5A       		.byte	90
 344 013b 04       		.byte	4
 345 013c 5D       		.byte	93
 346 013d 01       		.byte	1
 347 013e 5F       		.byte	95
 348 013f 01       		.byte	1
 349 0140 60       		.byte	96
 350 0141 40       		.byte	64
 351 0142 62       		.byte	98
 352 0143 40       		.byte	64
 353 0144 63       		.byte	99
 354 0145 A8       		.byte	-88
 355 0146 64       		.byte	100
 356 0147 40       		.byte	64
 357 0148 65       		.byte	101
 358 0149 40       		.byte	64
 359 014a 66       		.byte	102
 360 014b 40       		.byte	64
 361 014c 67       		.byte	103
 362 014d A8       		.byte	-88
 363 014e 68       		.byte	104
 364 014f 40       		.byte	64
 365 0150 6A       		.byte	106
 366 0151 40       		.byte	64
 367 0152 6B       		.byte	107
 368 0153 A8       		.byte	-88
 369 0154 6C       		.byte	108
 370 0155 40       		.byte	64
 371 0156 6D       		.byte	109
 372 0157 20       		.byte	32
 373 0158 6E       		.byte	110
 374 0159 40       		.byte	64
 375 015a 6F       		.byte	111
 376 015b A8       		.byte	-88
 377 015c 00       		.byte	0
 378 015d 24       		.byte	36
 379 015e 02       		.byte	2
 380 015f 42       		.byte	66
 381 0160 08       		.byte	8
 382 0161 40       		.byte	64
 383 0162 09       		.byte	9
 384 0163 08       		.byte	8
 385 0164 0A       		.byte	10
 386 0165 80       		.byte	-128
 387 0166 0B       		.byte	11
 388 0167 0A       		.byte	10
 389 0168 11       		.byte	17
 390 0169 14       		.byte	20
 391 016a 19       		.byte	25
 392 016b A4       		.byte	-92
 393 016c 1B       		.byte	27
 394 016d 02       		.byte	2
 395 016e 20       		.byte	32
 396 016f 05       		.byte	5
 397 0170 21       		.byte	33
 398 0171 08       		.byte	8
 399 0172 22       		.byte	34
ARM GAS  C:\Users\Jorge\AppData\Local\Temp\ccT3fnyd.s 			page 8


 400 0173 90       		.byte	-112
 401 0174 27       		.byte	39
 402 0175 80       		.byte	-128
 403 0176 29       		.byte	41
 404 0177 08       		.byte	8
 405 0178 2A       		.byte	42
 406 0179 90       		.byte	-112
 407 017a 2B       		.byte	43
 408 017b 80       		.byte	-128
 409 017c 30       		.byte	48
 410 017d 40       		.byte	64
 411 017e 31       		.byte	49
 412 017f 08       		.byte	8
 413 0180 32       		.byte	50
 414 0181 10       		.byte	16
 415 0182 36       		.byte	54
 416 0183 80       		.byte	-128
 417 0184 39       		.byte	57
 418 0185 54       		.byte	84
 419 0186 3E       		.byte	62
 420 0187 01       		.byte	1
 421 0188 41       		.byte	65
 422 0189 08       		.byte	8
 423 018a 43       		.byte	67
 424 018b 03       		.byte	3
 425 018c 45       		.byte	69
 426 018d 08       		.byte	8
 427 018e 47       		.byte	71
 428 018f 01       		.byte	1
 429 0190 48       		.byte	72
 430 0191 10       		.byte	16
 431 0192 49       		.byte	73
 432 0193 09       		.byte	9
 433 0194 52       		.byte	82
 434 0195 10       		.byte	16
 435 0196 53       		.byte	83
 436 0197 85       		.byte	-123
 437 0198 59       		.byte	89
 438 0199 A5       		.byte	-91
 439 019a 69       		.byte	105
 440 019b 54       		.byte	84
 441 019c 6A       		.byte	106
 442 019d 80       		.byte	-128
 443 019e 6B       		.byte	107
 444 019f 02       		.byte	2
 445 01a0 72       		.byte	114
 446 01a1 80       		.byte	-128
 447 01a2 89       		.byte	-119
 448 01a3 14       		.byte	20
 449 01a4 8A       		.byte	-118
 450 01a5 12       		.byte	18
 451 01a6 8F       		.byte	-113
 452 01a7 01       		.byte	1
 453 01a8 92       		.byte	-110
 454 01a9 01       		.byte	1
 455 01aa 94       		.byte	-108
 456 01ab 01       		.byte	1
ARM GAS  C:\Users\Jorge\AppData\Local\Temp\ccT3fnyd.s 			page 9


 457 01ac AB       		.byte	-85
 458 01ad 02       		.byte	2
 459 01ae C0       		.byte	-64
 460 01af 0F       		.byte	15
 461 01b0 C2       		.byte	-62
 462 01b1 0F       		.byte	15
 463 01b2 C4       		.byte	-60
 464 01b3 06       		.byte	6
 465 01b4 CA       		.byte	-54
 466 01b5 0F       		.byte	15
 467 01b6 CC       		.byte	-52
 468 01b7 1E       		.byte	30
 469 01b8 CE       		.byte	-50
 470 01b9 8E       		.byte	-114
 471 01ba D0       		.byte	-48
 472 01bb C3       		.byte	-61
 473 01bc D6       		.byte	-42
 474 01bd 0F       		.byte	15
 475 01be 00       		.byte	0
 476 01bf 40       		.byte	64
 477 01c0 05       		.byte	5
 478 01c1 07       		.byte	7
 479 01c2 06       		.byte	6
 480 01c3 03       		.byte	3
 481 01c4 07       		.byte	7
 482 01c5 08       		.byte	8
 483 01c6 08       		.byte	8
 484 01c7 14       		.byte	20
 485 01c8 09       		.byte	9
 486 01c9 60       		.byte	96
 487 01ca 0C       		.byte	12
 488 01cb 1C       		.byte	28
 489 01cc 0E       		.byte	14
 490 01cd 22       		.byte	34
 491 01ce 0F       		.byte	15
 492 01cf 20       		.byte	32
 493 01d0 11       		.byte	17
 494 01d1 10       		.byte	16
 495 01d2 13       		.byte	19
 496 01d3 04       		.byte	4
 497 01d4 14       		.byte	20
 498 01d5 2C       		.byte	44
 499 01d6 15       		.byte	21
 500 01d7 60       		.byte	96
 501 01d8 16       		.byte	22
 502 01d9 11       		.byte	17
 503 01da 18       		.byte	24
 504 01db 10       		.byte	16
 505 01dc 19       		.byte	25
 506 01dd 01       		.byte	1
 507 01de 1B       		.byte	27
 508 01df 12       		.byte	18
 509 01e0 21       		.byte	33
 510 01e1 18       		.byte	24
 511 01e2 23       		.byte	35
 512 01e3 03       		.byte	3
 513 01e4 24       		.byte	36
ARM GAS  C:\Users\Jorge\AppData\Local\Temp\ccT3fnyd.s 			page 10


 514 01e5 30       		.byte	48
 515 01e6 25       		.byte	37
 516 01e7 06       		.byte	6
 517 01e8 26       		.byte	38
 518 01e9 0C       		.byte	12
 519 01ea 27       		.byte	39
 520 01eb 11       		.byte	17
 521 01ec 28       		.byte	40
 522 01ed 09       		.byte	9
 523 01ee 2A       		.byte	42
 524 01ef 10       		.byte	16
 525 01f0 2D       		.byte	45
 526 01f1 40       		.byte	64
 527 01f2 31       		.byte	49
 528 01f3 60       		.byte	96
 529 01f4 32       		.byte	50
 530 01f5 1F       		.byte	31
 531 01f6 34       		.byte	52
 532 01f7 60       		.byte	96
 533 01f8 35       		.byte	53
 534 01f9 1F       		.byte	31
 535 01fa 38       		.byte	56
 536 01fb 20       		.byte	32
 537 01fc 39       		.byte	57
 538 01fd 02       		.byte	2
 539 01fe 3F       		.byte	63
 540 01ff 01       		.byte	1
 541 0200 40       		.byte	64
 542 0201 01       		.byte	1
 543 0202 47       		.byte	71
 544 0203 04       		.byte	4
 545 0204 49       		.byte	73
 546 0205 FF       		.byte	-1
 547 0206 4A       		.byte	74
 548 0207 07       		.byte	7
 549 0208 4B       		.byte	75
 550 0209 FF       		.byte	-1
 551 020a 4C       		.byte	76
 552 020b 40       		.byte	64
 553 020c 4D       		.byte	77
 554 020d 20       		.byte	32
 555 020e 4E       		.byte	78
 556 020f F0       		.byte	-16
 557 0210 4F       		.byte	79
 558 0211 05       		.byte	5
 559 0212 50       		.byte	80
 560 0213 08       		.byte	8
 561 0214 58       		.byte	88
 562 0215 04       		.byte	4
 563 0216 59       		.byte	89
 564 0217 04       		.byte	4
 565 0218 5A       		.byte	90
 566 0219 04       		.byte	4
 567 021a 5C       		.byte	92
 568 021b 10       		.byte	16
 569 021c 5F       		.byte	95
 570 021d 01       		.byte	1
ARM GAS  C:\Users\Jorge\AppData\Local\Temp\ccT3fnyd.s 			page 11


 571 021e 60       		.byte	96
 572 021f 40       		.byte	64
 573 0220 61       		.byte	97
 574 0221 A8       		.byte	-88
 575 0222 62       		.byte	98
 576 0223 40       		.byte	64
 577 0224 63       		.byte	99
 578 0225 20       		.byte	32
 579 0226 81       		.byte	-127
 580 0227 18       		.byte	24
 581 0228 83       		.byte	-125
 582 0229 04       		.byte	4
 583 022a 86       		.byte	-122
 584 022b 0C       		.byte	12
 585 022c 87       		.byte	-121
 586 022d 0C       		.byte	12
 587 022e 8A       		.byte	-118
 588 022f 10       		.byte	16
 589 0230 8B       		.byte	-117
 590 0231 08       		.byte	8
 591 0232 8C       		.byte	-116
 592 0233 0C       		.byte	12
 593 0234 8E       		.byte	-114
 594 0235 03       		.byte	3
 595 0236 94       		.byte	-108
 596 0237 01       		.byte	1
 597 0238 95       		.byte	-107
 598 0239 03       		.byte	3
 599 023a 96       		.byte	-106
 600 023b 06       		.byte	6
 601 023c 99       		.byte	-103
 602 023d 03       		.byte	3
 603 023e 9A       		.byte	-102
 604 023f 10       		.byte	16
 605 0240 9D       		.byte	-99
 606 0241 02       		.byte	2
 607 0242 9E       		.byte	-98
 608 0243 03       		.byte	3
 609 0244 9F       		.byte	-97
 610 0245 01       		.byte	1
 611 0246 A1       		.byte	-95
 612 0247 01       		.byte	1
 613 0248 A3       		.byte	-93
 614 0249 02       		.byte	2
 615 024a A6       		.byte	-90
 616 024b 08       		.byte	8
 617 024c A7       		.byte	-89
 618 024d 18       		.byte	24
 619 024e A8       		.byte	-88
 620 024f 01       		.byte	1
 621 0250 AA       		.byte	-86
 622 0251 0E       		.byte	14
 623 0252 AB       		.byte	-85
 624 0253 14       		.byte	20
 625 0254 AF       		.byte	-81
 626 0255 04       		.byte	4
 627 0256 B3       		.byte	-77
ARM GAS  C:\Users\Jorge\AppData\Local\Temp\ccT3fnyd.s 			page 12


 628 0257 1C       		.byte	28
 629 0258 B4       		.byte	-76
 630 0259 10       		.byte	16
 631 025a B6       		.byte	-74
 632 025b 0F       		.byte	15
 633 025c B7       		.byte	-73
 634 025d 03       		.byte	3
 635 025e BA       		.byte	-70
 636 025f 80       		.byte	-128
 637 0260 BB       		.byte	-69
 638 0261 08       		.byte	8
 639 0262 BE       		.byte	-66
 640 0263 10       		.byte	16
 641 0264 D4       		.byte	-44
 642 0265 18       		.byte	24
 643 0266 D8       		.byte	-40
 644 0267 04       		.byte	4
 645 0268 D9       		.byte	-39
 646 0269 04       		.byte	4
 647 026a DB       		.byte	-37
 648 026b 04       		.byte	4
 649 026c DF       		.byte	-33
 650 026d 01       		.byte	1
 651 026e 00       		.byte	0
 652 026f 20       		.byte	32
 653 0270 01       		.byte	1
 654 0271 80       		.byte	-128
 655 0272 03       		.byte	3
 656 0273 20       		.byte	32
 657 0274 05       		.byte	5
 658 0275 84       		.byte	-124
 659 0276 06       		.byte	6
 660 0277 84       		.byte	-124
 661 0278 08       		.byte	8
 662 0279 08       		.byte	8
 663 027a 09       		.byte	9
 664 027b 40       		.byte	64
 665 027c 0B       		.byte	11
 666 027d 08       		.byte	8
 667 027e 0C       		.byte	12
 668 027f 10       		.byte	16
 669 0280 0D       		.byte	13
 670 0281 10       		.byte	16
 671 0282 0F       		.byte	15
 672 0283 10       		.byte	16
 673 0284 10       		.byte	16
 674 0285 10       		.byte	16
 675 0286 11       		.byte	17
 676 0287 08       		.byte	8
 677 0288 13       		.byte	19
 678 0289 10       		.byte	16
 679 028a 16       		.byte	22
 680 028b 08       		.byte	8
 681 028c 17       		.byte	23
 682 028d 04       		.byte	4
 683 028e 18       		.byte	24
 684 028f 06       		.byte	6
ARM GAS  C:\Users\Jorge\AppData\Local\Temp\ccT3fnyd.s 			page 13


 685 0290 19       		.byte	25
 686 0291 80       		.byte	-128
 687 0292 1D       		.byte	29
 688 0293 04       		.byte	4
 689 0294 1F       		.byte	31
 690 0295 30       		.byte	48
 691 0296 21       		.byte	33
 692 0297 04       		.byte	4
 693 0298 22       		.byte	34
 694 0299 84       		.byte	-124
 695 029a 23       		.byte	35
 696 029b 10       		.byte	16
 697 029c 27       		.byte	39
 698 029d 48       		.byte	72
 699 029e 28       		.byte	40
 700 029f 08       		.byte	8
 701 02a0 2A       		.byte	42
 702 02a1 8A       		.byte	-118
 703 02a2 2B       		.byte	43
 704 02a3 20       		.byte	32
 705 02a4 2D       		.byte	45
 706 02a5 84       		.byte	-124
 707 02a6 2F       		.byte	47
 708 02a7 80       		.byte	-128
 709 02a8 30       		.byte	48
 710 02a9 28       		.byte	40
 711 02aa 32       		.byte	50
 712 02ab 80       		.byte	-128
 713 02ac 34       		.byte	52
 714 02ad 08       		.byte	8
 715 02ae 36       		.byte	54
 716 02af 10       		.byte	16
 717 02b0 37       		.byte	55
 718 02b1 05       		.byte	5
 719 02b2 38       		.byte	56
 720 02b3 02       		.byte	2
 721 02b4 39       		.byte	57
 722 02b5 28       		.byte	40
 723 02b6 3C       		.byte	60
 724 02b7 08       		.byte	8
 725 02b8 3E       		.byte	62
 726 02b9 80       		.byte	-128
 727 02ba 3F       		.byte	63
 728 02bb 10       		.byte	16
 729 02bc 47       		.byte	71
 730 02bd 40       		.byte	64
 731 02be 55       		.byte	85
 732 02bf 44       		.byte	68
 733 02c0 56       		.byte	86
 734 02c1 80       		.byte	-128
 735 02c2 59       		.byte	89
 736 02c3 01       		.byte	1
 737 02c4 60       		.byte	96
 738 02c5 04       		.byte	4
 739 02c6 63       		.byte	99
 740 02c7 01       		.byte	1
 741 02c8 88       		.byte	-120
ARM GAS  C:\Users\Jorge\AppData\Local\Temp\ccT3fnyd.s 			page 14


 742 02c9 04       		.byte	4
 743 02ca 8A       		.byte	-118
 744 02cb 10       		.byte	16
 745 02cc 8B       		.byte	-117
 746 02cd 01       		.byte	1
 747 02ce 8F       		.byte	-113
 748 02cf 80       		.byte	-128
 749 02d0 C0       		.byte	-64
 750 02d1 F7       		.byte	-9
 751 02d2 C2       		.byte	-62
 752 02d3 67       		.byte	103
 753 02d4 C4       		.byte	-60
 754 02d5 66       		.byte	102
 755 02d6 CA       		.byte	-54
 756 02d7 DF       		.byte	-33
 757 02d8 CC       		.byte	-52
 758 02d9 EE       		.byte	-18
 759 02da CE       		.byte	-50
 760 02db 77       		.byte	119
 761 02dc D0       		.byte	-48
 762 02dd 10       		.byte	16
 763 02de D6       		.byte	-42
 764 02df 01       		.byte	1
 765 02e0 D8       		.byte	-40
 766 02e1 0C       		.byte	12
 767 02e2 E0       		.byte	-32
 768 02e3 E0       		.byte	-32
 769 02e4 E4       		.byte	-28
 770 02e5 20       		.byte	32
 771 02e6 AE       		.byte	-82
 772 02e7 40       		.byte	64
 773 02e8 AF       		.byte	-81
 774 02e9 80       		.byte	-128
 775 02ea B3       		.byte	-77
 776 02eb 02       		.byte	2
 777 02ec EA       		.byte	-22
 778 02ed 08       		.byte	8
 779 02ee 02       		.byte	2
 780 02ef 02       		.byte	2
 781 02f0 06       		.byte	6
 782 02f1 02       		.byte	2
 783 02f2 08       		.byte	8
 784 02f3 01       		.byte	1
 785 02f4 0E       		.byte	14
 786 02f5 02       		.byte	2
 787 02f6 0F       		.byte	15
 788 02f7 05       		.byte	5
 789 02f8 12       		.byte	18
 790 02f9 01       		.byte	1
 791 02fa 14       		.byte	20
 792 02fb 01       		.byte	1
 793 02fc 15       		.byte	21
 794 02fd 03       		.byte	3
 795 02fe 17       		.byte	23
 796 02ff 0C       		.byte	12
 797 0300 1A       		.byte	26
 798 0301 01       		.byte	1
ARM GAS  C:\Users\Jorge\AppData\Local\Temp\ccT3fnyd.s 			page 15


 799 0302 20       		.byte	32
 800 0303 02       		.byte	2
 801 0304 21       		.byte	33
 802 0305 03       		.byte	3
 803 0306 23       		.byte	35
 804 0307 04       		.byte	4
 805 0308 24       		.byte	36
 806 0309 02       		.byte	2
 807 030a 27       		.byte	39
 808 030b 08       		.byte	8
 809 030c 29       		.byte	41
 810 030d 03       		.byte	3
 811 030e 2B       		.byte	43
 812 030f 04       		.byte	4
 813 0310 2D       		.byte	45
 814 0311 0A       		.byte	10
 815 0312 2F       		.byte	47
 816 0313 04       		.byte	4
 817 0314 30       		.byte	48
 818 0315 02       		.byte	2
 819 0316 32       		.byte	50
 820 0317 01       		.byte	1
 821 0318 35       		.byte	53
 822 0319 0F       		.byte	15
 823 031a 38       		.byte	56
 824 031b 08       		.byte	8
 825 031c 3B       		.byte	59
 826 031d 20       		.byte	32
 827 031e 3E       		.byte	62
 828 031f 01       		.byte	1
 829 0320 54       		.byte	84
 830 0321 01       		.byte	1
 831 0322 58       		.byte	88
 832 0323 04       		.byte	4
 833 0324 59       		.byte	89
 834 0325 04       		.byte	4
 835 0326 5B       		.byte	91
 836 0327 04       		.byte	4
 837 0328 5F       		.byte	95
 838 0329 01       		.byte	1
 839 032a 80       		.byte	-128
 840 032b 09       		.byte	9
 841 032c 82       		.byte	-126
 842 032d 44       		.byte	68
 843 032e 84       		.byte	-124
 844 032f 03       		.byte	3
 845 0330 8A       		.byte	-118
 846 0331 03       		.byte	3
 847 0332 8D       		.byte	-115
 848 0333 01       		.byte	1
 849 0334 92       		.byte	-110
 850 0335 03       		.byte	3
 851 0336 95       		.byte	-107
 852 0337 01       		.byte	1
 853 0338 96       		.byte	-106
 854 0339 03       		.byte	3
 855 033a 98       		.byte	-104
ARM GAS  C:\Users\Jorge\AppData\Local\Temp\ccT3fnyd.s 			page 16


 856 033b 07       		.byte	7
 857 033c 99       		.byte	-103
 858 033d 01       		.byte	1
 859 033e 9A       		.byte	-102
 860 033f 38       		.byte	56
 861 0340 9C       		.byte	-100
 862 0341 03       		.byte	3
 863 0342 A0       		.byte	-96
 864 0343 12       		.byte	18
 865 0344 A2       		.byte	-94
 866 0345 44       		.byte	68
 867 0346 A4       		.byte	-92
 868 0347 9C       		.byte	-100
 869 0348 A8       		.byte	-88
 870 0349 9C       		.byte	-100
 871 034a A9       		.byte	-87
 872 034b 01       		.byte	1
 873 034c AC       		.byte	-84
 874 034d 80       		.byte	-128
 875 034e B0       		.byte	-80
 876 034f 03       		.byte	3
 877 0350 B1       		.byte	-79
 878 0351 01       		.byte	1
 879 0352 B2       		.byte	-78
 880 0353 80       		.byte	-128
 881 0354 B4       		.byte	-76
 882 0355 1C       		.byte	28
 883 0356 B6       		.byte	-74
 884 0357 60       		.byte	96
 885 0358 BE       		.byte	-66
 886 0359 40       		.byte	64
 887 035a BF       		.byte	-65
 888 035b 01       		.byte	1
 889 035c C0       		.byte	-64
 890 035d 62       		.byte	98
 891 035e C1       		.byte	-63
 892 035f 03       		.byte	3
 893 0360 C2       		.byte	-62
 894 0361 05       		.byte	5
 895 0362 C4       		.byte	-60
 896 0363 01       		.byte	1
 897 0364 C5       		.byte	-59
 898 0365 0E       		.byte	14
 899 0366 C6       		.byte	-58
 900 0367 0C       		.byte	12
 901 0368 C8       		.byte	-56
 902 0369 05       		.byte	5
 903 036a C9       		.byte	-55
 904 036b FF       		.byte	-1
 905 036c CA       		.byte	-54
 906 036d FF       		.byte	-1
 907 036e CB       		.byte	-53
 908 036f FF       		.byte	-1
 909 0370 CC       		.byte	-52
 910 0371 62       		.byte	98
 911 0372 CD       		.byte	-51
 912 0373 A0       		.byte	-96
ARM GAS  C:\Users\Jorge\AppData\Local\Temp\ccT3fnyd.s 			page 17


 913 0374 CE       		.byte	-50
 914 0375 F0       		.byte	-16
 915 0376 CF       		.byte	-49
 916 0377 41       		.byte	65
 917 0378 D0       		.byte	-48
 918 0379 0C       		.byte	12
 919 037a D8       		.byte	-40
 920 037b 04       		.byte	4
 921 037c D9       		.byte	-39
 922 037d 04       		.byte	4
 923 037e DA       		.byte	-38
 924 037f 04       		.byte	4
 925 0380 DF       		.byte	-33
 926 0381 01       		.byte	1
 927 0382 E6       		.byte	-26
 928 0383 40       		.byte	64
 929 0384 E7       		.byte	-25
 930 0385 02       		.byte	2
 931 0386 E9       		.byte	-23
 932 0387 10       		.byte	16
 933 0388 EA       		.byte	-22
 934 0389 30       		.byte	48
 935 038a EB       		.byte	-21
 936 038b 10       		.byte	16
 937 038c ED       		.byte	-19
 938 038d 10       		.byte	16
 939 038e EE       		.byte	-18
 940 038f 10       		.byte	16
 941 0390 EF       		.byte	-17
 942 0391 12       		.byte	18
 943 0392 00       		.byte	0
 944 0393 0A       		.byte	10
 945 0394 03       		.byte	3
 946 0395 08       		.byte	8
 947 0396 05       		.byte	5
 948 0397 90       		.byte	-112
 949 0398 06       		.byte	6
 950 0399 B0       		.byte	-80
 951 039a 07       		.byte	7
 952 039b 20       		.byte	32
 953 039c 09       		.byte	9
 954 039d 40       		.byte	64
 955 039e 0A       		.byte	10
 956 039f 24       		.byte	36
 957 03a0 0B       		.byte	11
 958 03a1 40       		.byte	64
 959 03a2 0C       		.byte	12
 960 03a3 10       		.byte	16
 961 03a4 0D       		.byte	13
 962 03a5 08       		.byte	8
 963 03a6 0F       		.byte	15
 964 03a7 40       		.byte	64
 965 03a8 10       		.byte	16
 966 03a9 28       		.byte	40
 967 03aa 11       		.byte	17
 968 03ab 42       		.byte	66
 969 03ac 12       		.byte	18
ARM GAS  C:\Users\Jorge\AppData\Local\Temp\ccT3fnyd.s 			page 18


 970 03ad 80       		.byte	-128
 971 03ae 14       		.byte	20
 972 03af 40       		.byte	64
 973 03b0 17       		.byte	23
 974 03b1 04       		.byte	4
 975 03b2 18       		.byte	24
 976 03b3 01       		.byte	1
 977 03b4 19       		.byte	25
 978 03b5 09       		.byte	9
 979 03b6 1A       		.byte	26
 980 03b7 14       		.byte	20
 981 03b8 1B       		.byte	27
 982 03b9 08       		.byte	8
 983 03ba 1C       		.byte	28
 984 03bb 20       		.byte	32
 985 03bc 1E       		.byte	30
 986 03bd 80       		.byte	-128
 987 03be 22       		.byte	34
 988 03bf 01       		.byte	1
 989 03c0 27       		.byte	39
 990 03c1 04       		.byte	4
 991 03c2 29       		.byte	41
 992 03c3 18       		.byte	24
 993 03c4 2A       		.byte	42
 994 03c5 08       		.byte	8
 995 03c6 2C       		.byte	44
 996 03c7 40       		.byte	64
 997 03c8 2D       		.byte	45
 998 03c9 80       		.byte	-128
 999 03ca 2E       		.byte	46
 1000 03cb 20       		.byte	32
 1001 03cc 2F       		.byte	47
 1002 03cd 10       		.byte	16
 1003 03ce 30       		.byte	48
 1004 03cf 10       		.byte	16
 1005 03d0 31       		.byte	49
 1006 03d1 08       		.byte	8
 1007 03d2 32       		.byte	50
 1008 03d3 10       		.byte	16
 1009 03d4 37       		.byte	55
 1010 03d5 04       		.byte	4
 1011 03d6 38       		.byte	56
 1012 03d7 80       		.byte	-128
 1013 03d8 3B       		.byte	59
 1014 03d9 40       		.byte	64
 1015 03da 3E       		.byte	62
 1016 03db 80       		.byte	-128
 1017 03dc 40       		.byte	64
 1018 03dd 01       		.byte	1
 1019 03de 41       		.byte	65
 1020 03df 08       		.byte	8
 1021 03e0 42       		.byte	66
 1022 03e1 08       		.byte	8
 1023 03e2 48       		.byte	72
 1024 03e3 04       		.byte	4
 1025 03e4 49       		.byte	73
 1026 03e5 10       		.byte	16
ARM GAS  C:\Users\Jorge\AppData\Local\Temp\ccT3fnyd.s 			page 19


 1027 03e6 4A       		.byte	74
 1028 03e7 02       		.byte	2
 1029 03e8 4B       		.byte	75
 1030 03e9 08       		.byte	8
 1031 03ea 52       		.byte	82
 1032 03eb 40       		.byte	64
 1033 03ec 5D       		.byte	93
 1034 03ed 01       		.byte	1
 1035 03ee 5E       		.byte	94
 1036 03ef 88       		.byte	-120
 1037 03f0 5F       		.byte	95
 1038 03f1 20       		.byte	32
 1039 03f2 88       		.byte	-120
 1040 03f3 40       		.byte	64
 1041 03f4 8A       		.byte	-118
 1042 03f5 04       		.byte	4
 1043 03f6 92       		.byte	-110
 1044 03f7 08       		.byte	8
 1045 03f8 93       		.byte	-109
 1046 03f9 20       		.byte	32
 1047 03fa 97       		.byte	-105
 1048 03fb 09       		.byte	9
 1049 03fc 99       		.byte	-103
 1050 03fd 84       		.byte	-124
 1051 03fe 9A       		.byte	-102
 1052 03ff 80       		.byte	-128
 1053 0400 9D       		.byte	-99
 1054 0401 01       		.byte	1
 1055 0402 9E       		.byte	-98
 1056 0403 06       		.byte	6
 1057 0404 9F       		.byte	-97
 1058 0405 04       		.byte	4
 1059 0406 A2       		.byte	-94
 1060 0407 80       		.byte	-128
 1061 0408 A4       		.byte	-92
 1062 0409 38       		.byte	56
 1063 040a AF       		.byte	-81
 1064 040b 08       		.byte	8
 1065 040c B1       		.byte	-79
 1066 040d 04       		.byte	4
 1067 040e C0       		.byte	-64
 1068 040f FE       		.byte	-2
 1069 0410 C2       		.byte	-62
 1070 0411 7F       		.byte	127
 1071 0412 C4       		.byte	-60
 1072 0413 3F       		.byte	63
 1073 0414 CA       		.byte	-54
 1074 0415 F4       		.byte	-12
 1075 0416 CC       		.byte	-52
 1076 0417 46       		.byte	70
 1077 0418 CE       		.byte	-50
 1078 0419 18       		.byte	24
 1079 041a D0       		.byte	-48
 1080 041b 0E       		.byte	14
 1081 041c D2       		.byte	-46
 1082 041d 0C       		.byte	12
 1083 041e D6       		.byte	-42
ARM GAS  C:\Users\Jorge\AppData\Local\Temp\ccT3fnyd.s 			page 20


 1084 041f F0       		.byte	-16
 1085 0420 E8       		.byte	-24
 1086 0421 20       		.byte	32
 1087 0422 00       		.byte	0
 1088 0423 01       		.byte	1
 1089 0424 01       		.byte	1
 1090 0425 27       		.byte	39
 1091 0426 02       		.byte	2
 1092 0427 40       		.byte	64
 1093 0428 03       		.byte	3
 1094 0429 18       		.byte	24
 1095 042a 04       		.byte	4
 1096 042b 0C       		.byte	12
 1097 042c 05       		.byte	5
 1098 042d 18       		.byte	24
 1099 042e 06       		.byte	6
 1100 042f 23       		.byte	35
 1101 0430 08       		.byte	8
 1102 0431 0F       		.byte	15
 1103 0432 09       		.byte	9
 1104 0433 08       		.byte	8
 1105 0434 0A       		.byte	10
 1106 0435 20       		.byte	32
 1107 0436 0C       		.byte	12
 1108 0437 23       		.byte	35
 1109 0438 0E       		.byte	14
 1110 0439 0C       		.byte	12
 1111 043a 0F       		.byte	15
 1112 043b 40       		.byte	64
 1113 043c 10       		.byte	16
 1114 043d 02       		.byte	2
 1115 043e 13       		.byte	19
 1116 043f 40       		.byte	64
 1117 0440 15       		.byte	21
 1118 0441 3F       		.byte	63
 1119 0442 16       		.byte	22
 1120 0443 23       		.byte	35
 1121 0444 18       		.byte	24
 1122 0445 03       		.byte	3
 1123 0446 19       		.byte	25
 1124 0447 3C       		.byte	60
 1125 0448 1B       		.byte	27
 1126 0449 02       		.byte	2
 1127 044a 1C       		.byte	28
 1128 044b 10       		.byte	16
 1129 044c 1D       		.byte	29
 1130 044d 1C       		.byte	28
 1131 044e 1F       		.byte	31
 1132 044f 21       		.byte	33
 1133 0450 20       		.byte	32
 1134 0451 08       		.byte	8
 1135 0452 21       		.byte	33
 1136 0453 04       		.byte	4
 1137 0454 24       		.byte	36
 1138 0455 04       		.byte	4
 1139 0456 27       		.byte	39
 1140 0457 04       		.byte	4
ARM GAS  C:\Users\Jorge\AppData\Local\Temp\ccT3fnyd.s 			page 21


 1141 0458 28       		.byte	40
 1142 0459 0C       		.byte	12
 1143 045a 2B       		.byte	43
 1144 045b 23       		.byte	35
 1145 045c 2C       		.byte	44
 1146 045d 2F       		.byte	47
 1147 045e 2D       		.byte	45
 1148 045f 10       		.byte	16
 1149 0460 30       		.byte	48
 1150 0461 2C       		.byte	44
 1151 0462 31       		.byte	49
 1152 0463 38       		.byte	56
 1153 0464 32       		.byte	50
 1154 0465 40       		.byte	64
 1155 0466 34       		.byte	52
 1156 0467 0F       		.byte	15
 1157 0468 35       		.byte	53
 1158 0469 1F       		.byte	31
 1159 046a 36       		.byte	54
 1160 046b 10       		.byte	16
 1161 046c 37       		.byte	55
 1162 046d 40       		.byte	64
 1163 046e 3A       		.byte	58
 1164 046f 22       		.byte	34
 1165 0470 3B       		.byte	59
 1166 0471 28       		.byte	40
 1167 0472 3E       		.byte	62
 1168 0473 40       		.byte	64
 1169 0474 3F       		.byte	63
 1170 0475 40       		.byte	64
 1171 0476 56       		.byte	86
 1172 0477 02       		.byte	2
 1173 0478 57       		.byte	87
 1174 0479 13       		.byte	19
 1175 047a 58       		.byte	88
 1176 047b 04       		.byte	4
 1177 047c 59       		.byte	89
 1178 047d 04       		.byte	4
 1179 047e 5B       		.byte	91
 1180 047f 04       		.byte	4
 1181 0480 5F       		.byte	95
 1182 0481 01       		.byte	1
 1183 0482 98       		.byte	-104
 1184 0483 01       		.byte	1
 1185 0484 B4       		.byte	-76
 1186 0485 01       		.byte	1
 1187 0486 BE       		.byte	-66
 1188 0487 10       		.byte	16
 1189 0488 C0       		.byte	-64
 1190 0489 34       		.byte	52
 1191 048a C1       		.byte	-63
 1192 048b 06       		.byte	6
 1193 048c C5       		.byte	-59
 1194 048d EE       		.byte	-18
 1195 048e C6       		.byte	-58
 1196 048f C0       		.byte	-64
 1197 0490 C7       		.byte	-57
ARM GAS  C:\Users\Jorge\AppData\Local\Temp\ccT3fnyd.s 			page 22


 1198 0491 0B       		.byte	11
 1199 0492 C8       		.byte	-56
 1200 0493 1B       		.byte	27
 1201 0494 C9       		.byte	-55
 1202 0495 FF       		.byte	-1
 1203 0496 CA       		.byte	-54
 1204 0497 FF       		.byte	-1
 1205 0498 CB       		.byte	-53
 1206 0499 FF       		.byte	-1
 1207 049a CE       		.byte	-50
 1208 049b F0       		.byte	-16
 1209 049c CF       		.byte	-49
 1210 049d 44       		.byte	68
 1211 049e D0       		.byte	-48
 1212 049f 0C       		.byte	12
 1213 04a0 D8       		.byte	-40
 1214 04a1 04       		.byte	4
 1215 04a2 DA       		.byte	-38
 1216 04a3 04       		.byte	4
 1217 04a4 DF       		.byte	-33
 1218 04a5 01       		.byte	1
 1219 04a6 E6       		.byte	-26
 1220 04a7 C0       		.byte	-64
 1221 04a8 EA       		.byte	-22
 1222 04a9 40       		.byte	64
 1223 04aa EB       		.byte	-21
 1224 04ab 02       		.byte	2
 1225 04ac 00       		.byte	0
 1226 04ad 42       		.byte	66
 1227 04ae 01       		.byte	1
 1228 04af 20       		.byte	32
 1229 04b0 02       		.byte	2
 1230 04b1 20       		.byte	32
 1231 04b2 08       		.byte	8
 1232 04b3 08       		.byte	8
 1233 04b4 09       		.byte	9
 1234 04b5 81       		.byte	-127
 1235 04b6 0A       		.byte	10
 1236 04b7 14       		.byte	20
 1237 04b8 0F       		.byte	15
 1238 04b9 04       		.byte	4
 1239 04ba 10       		.byte	16
 1240 04bb 01       		.byte	1
 1241 04bc 13       		.byte	19
 1242 04bd 1A       		.byte	26
 1243 04be 18       		.byte	24
 1244 04bf 80       		.byte	-128
 1245 04c0 19       		.byte	25
 1246 04c1 98       		.byte	-104
 1247 04c2 1A       		.byte	26
 1248 04c3 80       		.byte	-128
 1249 04c4 1E       		.byte	30
 1250 04c5 08       		.byte	8
 1251 04c6 21       		.byte	33
 1252 04c7 08       		.byte	8
 1253 04c8 22       		.byte	34
 1254 04c9 32       		.byte	50
ARM GAS  C:\Users\Jorge\AppData\Local\Temp\ccT3fnyd.s 			page 23


 1255 04ca 23       		.byte	35
 1256 04cb 01       		.byte	1
 1257 04cc 28       		.byte	40
 1258 04cd 08       		.byte	8
 1259 04ce 29       		.byte	41
 1260 04cf 48       		.byte	72
 1261 04d0 2A       		.byte	42
 1262 04d1 02       		.byte	2
 1263 04d2 31       		.byte	49
 1264 04d3 08       		.byte	8
 1265 04d4 32       		.byte	50
 1266 04d5 52       		.byte	82
 1267 04d6 38       		.byte	56
 1268 04d7 28       		.byte	40
 1269 04d8 3A       		.byte	58
 1270 04d9 40       		.byte	64
 1271 04da 3B       		.byte	59
 1272 04db 02       		.byte	2
 1273 04dc 46       		.byte	70
 1274 04dd 80       		.byte	-128
 1275 04de 47       		.byte	71
 1276 04df 04       		.byte	4
 1277 04e0 4D       		.byte	77
 1278 04e1 01       		.byte	1
 1279 04e2 4E       		.byte	78
 1280 04e3 04       		.byte	4
 1281 04e4 4F       		.byte	79
 1282 04e5 04       		.byte	4
 1283 04e6 56       		.byte	86
 1284 04e7 14       		.byte	20
 1285 04e8 5A       		.byte	90
 1286 04e9 02       		.byte	2
 1287 04ea 68       		.byte	104
 1288 04eb 28       		.byte	40
 1289 04ec 69       		.byte	105
 1290 04ed 40       		.byte	64
 1291 04ee 70       		.byte	112
 1292 04ef 14       		.byte	20
 1293 04f0 71       		.byte	113
 1294 04f1 40       		.byte	64
 1295 04f2 73       		.byte	115
 1296 04f3 1A       		.byte	26
 1297 04f4 80       		.byte	-128
 1298 04f5 40       		.byte	64
 1299 04f6 81       		.byte	-127
 1300 04f7 94       		.byte	-108
 1301 04f8 83       		.byte	-125
 1302 04f9 01       		.byte	1
 1303 04fa 84       		.byte	-124
 1304 04fb 01       		.byte	1
 1305 04fc 85       		.byte	-123
 1306 04fd 48       		.byte	72
 1307 04fe 88       		.byte	-120
 1308 04ff 01       		.byte	1
 1309 0500 8A       		.byte	-118
 1310 0501 02       		.byte	2
 1311 0502 8D       		.byte	-115
ARM GAS  C:\Users\Jorge\AppData\Local\Temp\ccT3fnyd.s 			page 24


 1312 0503 A0       		.byte	-96
 1313 0504 8E       		.byte	-114
 1314 0505 40       		.byte	64
 1315 0506 92       		.byte	-110
 1316 0507 1E       		.byte	30
 1317 0508 94       		.byte	-108
 1318 0509 80       		.byte	-128
 1319 050a 95       		.byte	-107
 1320 050b 41       		.byte	65
 1321 050c 96       		.byte	-106
 1322 050d 20       		.byte	32
 1323 050e 97       		.byte	-105
 1324 050f 01       		.byte	1
 1325 0510 99       		.byte	-103
 1326 0511 04       		.byte	4
 1327 0512 9A       		.byte	-102
 1328 0513 C0       		.byte	-64
 1329 0514 9B       		.byte	-101
 1330 0515 04       		.byte	4
 1331 0516 9D       		.byte	-99
 1332 0517 10       		.byte	16
 1333 0518 9E       		.byte	-98
 1334 0519 16       		.byte	22
 1335 051a A1       		.byte	-95
 1336 051b 01       		.byte	1
 1337 051c A4       		.byte	-92
 1338 051d 29       		.byte	41
 1339 051e A5       		.byte	-91
 1340 051f 48       		.byte	72
 1341 0520 A6       		.byte	-90
 1342 0521 06       		.byte	6
 1343 0522 C0       		.byte	-64
 1344 0523 0F       		.byte	15
 1345 0524 C2       		.byte	-62
 1346 0525 4F       		.byte	79
 1347 0526 C4       		.byte	-60
 1348 0527 0F       		.byte	15
 1349 0528 CA       		.byte	-54
 1350 0529 0F       		.byte	15
 1351 052a CC       		.byte	-52
 1352 052b 0F       		.byte	15
 1353 052c CE       		.byte	-50
 1354 052d 0F       		.byte	15
 1355 052e D0       		.byte	-48
 1356 052f C0       		.byte	-64
 1357 0530 D2       		.byte	-46
 1358 0531 20       		.byte	32
 1359 0532 D6       		.byte	-42
 1360 0533 01       		.byte	1
 1361 0534 50       		.byte	80
 1362 0535 04       		.byte	4
 1363 0536 55       		.byte	85
 1364 0537 02       		.byte	2
 1365 0538 57       		.byte	87
 1366 0539 08       		.byte	8
 1367 053a 5B       		.byte	91
 1368 053b 40       		.byte	64
ARM GAS  C:\Users\Jorge\AppData\Local\Temp\ccT3fnyd.s 			page 25


 1369 053c D4       		.byte	-44
 1370 053d E0       		.byte	-32
 1371 053e D6       		.byte	-42
 1372 053f 20       		.byte	32
 1373 0540 80       		.byte	-128
 1374 0541 04       		.byte	4
 1375 0542 94       		.byte	-108
 1376 0543 08       		.byte	8
 1377 0544 9F       		.byte	-97
 1378 0545 40       		.byte	64
 1379 0546 A5       		.byte	-91
 1380 0547 02       		.byte	2
 1381 0548 B7       		.byte	-73
 1382 0549 08       		.byte	8
 1383 054a E6       		.byte	-26
 1384 054b 80       		.byte	-128
 1385 054c A5       		.byte	-91
 1386 054d 02       		.byte	2
 1387 054e AB       		.byte	-85
 1388 054f 40       		.byte	64
 1389 0550 EE       		.byte	-18
 1390 0551 80       		.byte	-128
 1391 0552 AD       		.byte	-83
 1392 0553 02       		.byte	2
 1393 0554 EA       		.byte	-22
 1394 0555 40       		.byte	64
 1395 0556 10       		.byte	16
 1396 0557 40       		.byte	64
 1397 0558 77       		.byte	119
 1398 0559 10       		.byte	16
 1399 055a 88       		.byte	-120
 1400 055b 40       		.byte	64
 1401 055c 8F       		.byte	-113
 1402 055d 10       		.byte	16
 1403 055e C4       		.byte	-60
 1404 055f 08       		.byte	8
 1405 0560 DE       		.byte	-34
 1406 0561 04       		.byte	4
 1407 0562 E2       		.byte	-30
 1408 0563 01       		.byte	1
 1409 0564 E4       		.byte	-28
 1410 0565 02       		.byte	2
 1411 0566 00       		.byte	0
 1412 0567 03       		.byte	3
 1413 0568 0A       		.byte	10
 1414 0569 02       		.byte	2
 1415 056a 0C       		.byte	12
 1416 056b 03       		.byte	3
 1417 056c 10       		.byte	16
 1418 056d 01       		.byte	1
 1419 056e 1C       		.byte	28
 1420 056f 01       		.byte	1
 1421 0570 80       		.byte	-128
 1422 0571 80       		.byte	-128
 1423 0572 00       		.byte	0
 1424 0573 00       		.byte	0
 1425 0574 40       		.byte	64
ARM GAS  C:\Users\Jorge\AppData\Local\Temp\ccT3fnyd.s 			page 26


 1426 0575 00       		.byte	0
 1427 0576 00       		.byte	0
 1428 0577 00       		.byte	0
 1429 0578 00       		.byte	0
 1430 0579 10       		.byte	16
 1431 057a 80       		.byte	-128
 1432 057b 04       		.byte	4
 1433 057c 00       		.byte	0
 1434 057d 07       		.byte	7
 1435 057e 02       		.byte	2
 1436 057f 08       		.byte	8
 1437 0580 00       		.byte	0
 1438 0581 01       		.byte	1
 1439 0582 02       		.byte	2
 1440 0583 12       		.byte	18
 1441 0584 40       		.byte	64
 1442 0585 00       		.byte	0
 1443 0586 10       		.byte	16
 1444 0587 00       		.byte	0
 1445 0588 7C       		.byte	124
 1446 0589 06       		.byte	6
 1447 058a 00       		.byte	0
 1448 058b 11       		.byte	17
 1449 058c 60       		.byte	96
 1450 058d 00       		.byte	0
 1451 058e 0C       		.byte	12
 1452 058f 00       		.byte	0
 1453 0590 00       		.byte	0
 1454 0591 00       		.byte	0
 1455 0592 00       		.byte	0
 1456 0593 00       		.byte	0
 1457 0594 00       		.byte	0
 1458 0595 00       		.byte	0
 1459 0596 80       		.byte	-128
 1460 0597 00       		.byte	0
 1461 0598 18       		.byte	24
 1462 0599 00       		.byte	0
 1463 059a 44       		.byte	68
 1464 059b 20       		.byte	32
 1465 059c 1C       		.byte	28
 1466 059d 00       		.byte	0
 1467 059e 20       		.byte	32
 1468 059f 00       		.byte	0
 1469 05a0 04       		.byte	4
 1470 05a1 18       		.byte	24
 1471 05a2 48       		.byte	72
 1472 05a3 03       		.byte	3
 1473 05a4 00       		.byte	0
 1474 05a5 20       		.byte	32
 1475 05a6 01       		.byte	1
 1476 05a7 00       		.byte	0
 1477 05a8 7C       		.byte	124
 1478 05a9 1F       		.byte	31
 1479 05aa 01       		.byte	1
 1480 05ab 00       		.byte	0
 1481 05ac 02       		.byte	2
 1482 05ad 00       		.byte	0
ARM GAS  C:\Users\Jorge\AppData\Local\Temp\ccT3fnyd.s 			page 27


 1483 05ae 80       		.byte	-128
 1484 05af 20       		.byte	32
 1485 05b0 00       		.byte	0
 1486 05b1 00       		.byte	0
 1487 05b2 00       		.byte	0
 1488 05b3 00       		.byte	0
 1489 05b4 00       		.byte	0
 1490 05b5 00       		.byte	0
 1491 05b6 50       		.byte	80
 1492 05b7 40       		.byte	64
 1493 05b8 30       		.byte	48
 1494 05b9 02       		.byte	2
 1495 05ba 00       		.byte	0
 1496 05bb 00       		.byte	0
 1497 05bc 00       		.byte	0
 1498 05bd D0       		.byte	-48
 1499 05be 10       		.byte	16
 1500 05bf 02       		.byte	2
 1501 05c0 3A       		.byte	58
 1502 05c1 FF       		.byte	-1
 1503 05c2 FF       		.byte	-1
 1504 05c3 FF       		.byte	-1
 1505 05c4 00       		.byte	0
 1506 05c5 AF       		.byte	-81
 1507 05c6 0F       		.byte	15
 1508 05c7 04       		.byte	4
 1509 05c8 18       		.byte	24
 1510 05c9 00       		.byte	0
 1511 05ca 87       		.byte	-121
 1512 05cb 00       		.byte	0
 1513 05cc 05       		.byte	5
 1514 05cd 00       		.byte	0
 1515 05ce 00       		.byte	0
 1516 05cf 00       		.byte	0
 1517 05d0 04       		.byte	4
 1518 05d1 04       		.byte	4
 1519 05d2 04       		.byte	4
 1520 05d3 04       		.byte	4
 1521 05d4 11       		.byte	17
 1522 05d5 11       		.byte	17
 1523 05d6 00       		.byte	0
 1524 05d7 01       		.byte	1
 1525 05d8 40       		.byte	64
 1526 05d9 00       		.byte	0
 1527 05da C0       		.byte	-64
 1528 05db 00       		.byte	0
 1529 05dc 40       		.byte	64
 1530 05dd 40       		.byte	64
 1531 05de C0       		.byte	-64
 1532 05df 00       		.byte	0
 1533 05e0 C0       		.byte	-64
 1534 05e1 00       		.byte	0
 1535 05e2 C0       		.byte	-64
 1536 05e3 00       		.byte	0
 1537 05e4 C0       		.byte	-64
 1538 05e5 00       		.byte	0
 1539 05e6 C0       		.byte	-64
ARM GAS  C:\Users\Jorge\AppData\Local\Temp\ccT3fnyd.s 			page 28


 1540 05e7 00       		.byte	0
 1541 05e8 00       		.byte	0
 1542 05e9 00       		.byte	0
 1543 05ea 00       		.byte	0
 1544 05eb 00       		.byte	0
 1545 05ec 00       		.byte	0
 1546 05ed 00       		.byte	0
 1547 05ee 00       		.byte	0
 1548 05ef 00       		.byte	0
 1549 05f0 00       		.byte	0
 1550 05f1 00       		.byte	0
 1551 05f2 00       		.byte	0
 1552 05f3 00       		.byte	0
 1553 05f4 00       		.byte	0
 1554 05f5 00       		.byte	0
 1555 05f6 00       		.byte	0
 1556 05f7 00       		.byte	0
 1557 05f8 3E       		.byte	62
 1558 05f9 00       		.byte	0
 1559 05fa 00       		.byte	0
 1560 05fb 00       		.byte	0
 1561 05fc 80       		.byte	-128
 1562 05fd 38       		.byte	56
 1563 05fe 00       		.byte	0
 1564 05ff 40       		.byte	64
 1565 0600 80       		.byte	-128
 1566 0601 08       		.byte	8
 1567 0602 40       		.byte	64
 1568 0603 90       		.byte	-112
 1569 0604 20       		.byte	32
 1570 0605 30       		.byte	48
 1571 0606 08       		.byte	8
 1572 0607 88       		.byte	-120
 1573 0608 0C       		.byte	12
 1574 0609 00       		.byte	0
 1575 060a 22       		.byte	34
 1576 060b 00       		.byte	0
 1577 060c 00       		.byte	0
 1578 060d 00       		.byte	0
 1579 060e 40       		.byte	64
 1580 060f F8       		.byte	-8
 1581 0610 00       		.byte	0
 1582 0611 00       		.byte	0
 1583 0612 01       		.byte	1
 1584 0613 02       		.byte	2
 1585 0614 30       		.byte	48
 1586 0615 C0       		.byte	-64
 1587 0616 06       		.byte	6
 1588 0617 18       		.byte	24
 1589 0618 00       		.byte	0
 1590 0619 03       		.byte	3
 1591 061a 00       		.byte	0
 1592 061b 00       		.byte	0
 1593 061c 0E       		.byte	14
 1594 061d 00       		.byte	0
 1595 061e 10       		.byte	16
 1596 061f 01       		.byte	1
ARM GAS  C:\Users\Jorge\AppData\Local\Temp\ccT3fnyd.s 			page 29


 1597 0620 02       		.byte	2
 1598 0621 80       		.byte	-128
 1599 0622 24       		.byte	36
 1600 0623 20       		.byte	32
 1601 0624 00       		.byte	0
 1602 0625 00       		.byte	0
 1603 0626 00       		.byte	0
 1604 0627 04       		.byte	4
 1605 0628 80       		.byte	-128
 1606 0629 00       		.byte	0
 1607 062a 40       		.byte	64
 1608 062b 04       		.byte	4
 1609 062c 01       		.byte	1
 1610 062d 03       		.byte	3
 1611 062e 3E       		.byte	62
 1612 062f F8       		.byte	-8
 1613 0630 02       		.byte	2
 1614 0631 00       		.byte	0
 1615 0632 00       		.byte	0
 1616 0633 00       		.byte	0
 1617 0634 00       		.byte	0
 1618 0635 00       		.byte	0
 1619 0636 05       		.byte	5
 1620 0637 00       		.byte	0
 1621 0638 30       		.byte	48
 1622 0639 04       		.byte	4
 1623 063a 00       		.byte	0
 1624 063b 00       		.byte	0
 1625 063c 00       		.byte	0
 1626 063d D2       		.byte	-46
 1627 063e 04       		.byte	4
 1628 063f 15       		.byte	21
 1629 0640 3F       		.byte	63
 1630 0641 FF       		.byte	-1
 1631 0642 FF       		.byte	-1
 1632 0643 FF       		.byte	-1
 1633 0644 00       		.byte	0
 1634 0645 AF       		.byte	-81
 1635 0646 0F       		.byte	15
 1636 0647 04       		.byte	4
 1637 0648 18       		.byte	24
 1638 0649 00       		.byte	0
 1639 064a 87       		.byte	-121
 1640 064b 00       		.byte	0
 1641 064c 07       		.byte	7
 1642 064d 00       		.byte	0
 1643 064e 00       		.byte	0
 1644 064f 00       		.byte	0
 1645 0650 04       		.byte	4
 1646 0651 04       		.byte	4
 1647 0652 04       		.byte	4
 1648 0653 04       		.byte	4
 1649 0654 11       		.byte	17
 1650 0655 11       		.byte	17
 1651 0656 00       		.byte	0
 1652 0657 01       		.byte	1
 1653 0658 40       		.byte	64
ARM GAS  C:\Users\Jorge\AppData\Local\Temp\ccT3fnyd.s 			page 30


 1654 0659 00       		.byte	0
 1655 065a 40       		.byte	64
 1656 065b A8       		.byte	-88
 1657 065c 40       		.byte	64
 1658 065d 40       		.byte	64
 1659 065e 40       		.byte	64
 1660 065f A8       		.byte	-88
 1661 0660 40       		.byte	64
 1662 0661 00       		.byte	0
 1663 0662 40       		.byte	64
 1664 0663 A8       		.byte	-88
 1665 0664 40       		.byte	64
 1666 0665 20       		.byte	32
 1667 0666 40       		.byte	64
 1668 0667 A8       		.byte	-88
 1669 0668 00       		.byte	0
 1670 0669 00       		.byte	0
 1671 066a 00       		.byte	0
 1672 066b 00       		.byte	0
 1673 066c 00       		.byte	0
 1674 066d 00       		.byte	0
 1675 066e 00       		.byte	0
 1676 066f 00       		.byte	0
 1677 0670 00       		.byte	0
 1678 0671 00       		.byte	0
 1679 0672 00       		.byte	0
 1680 0673 00       		.byte	0
 1681 0674 00       		.byte	0
 1682 0675 00       		.byte	0
 1683 0676 00       		.byte	0
 1684 0677 00       		.byte	0
 1685 0678 00       		.byte	0
 1686 0679 0F       		.byte	15
 1687 067a 0F       		.byte	15
 1688 067b 00       		.byte	0
 1689 067c 0F       		.byte	15
 1690 067d 00       		.byte	0
 1691 067e 00       		.byte	0
 1692 067f 00       		.byte	0
 1693 0680 80       		.byte	-128
 1694 0681 00       		.byte	0
 1695 0682 40       		.byte	64
 1696 0683 80       		.byte	-128
 1697 0684 80       		.byte	-128
 1698 0685 00       		.byte	0
 1699 0686 80       		.byte	-128
 1700 0687 00       		.byte	0
 1701 0688 00       		.byte	0
 1702 0689 00       		.byte	0
 1703 068a 00       		.byte	0
 1704 068b 00       		.byte	0
 1705 068c 00       		.byte	0
 1706 068d 0B       		.byte	11
 1707 068e 0B       		.byte	11
 1708 068f 00       		.byte	0
 1709 0690 00       		.byte	0
 1710 0691 00       		.byte	0
ARM GAS  C:\Users\Jorge\AppData\Local\Temp\ccT3fnyd.s 			page 31


 1711 0692 00       		.byte	0
 1712 0693 00       		.byte	0
 1713              		.section	.cywolatch,"a",%progbits
 1714              		.align	2
 1715              		.type	cy_meta_wonvl, %object
 1716              		.size	cy_meta_wonvl, 4
 1717              	cy_meta_wonvl:
 1718 0000 BC       		.byte	-68
 1719 0001 90       		.byte	-112
 1720 0002 AC       		.byte	-84
 1721 0003 AF       		.byte	-81
 1722              		.section	.cycustnvl,"a",%progbits
 1723              		.align	2
 1724              		.type	cy_meta_custnvl, %object
 1725              		.size	cy_meta_custnvl, 4
 1726              	cy_meta_custnvl:
 1727 0000 00       		.byte	0
 1728 0001 00       		.byte	0
 1729 0002 40       		.byte	64
 1730 0003 05       		.byte	5
 1731              		.section	.cymeta,"a",%progbits
 1732              		.align	2
 1733              		.type	cy_metadata, %object
 1734              		.size	cy_metadata, 12
 1735              	cy_metadata:
 1736 0000 00       		.byte	0
 1737 0001 01       		.byte	1
 1738 0002 2E       		.byte	46
 1739 0003 16       		.byte	22
 1740 0004 10       		.byte	16
 1741 0005 69       		.byte	105
 1742 0006 00       		.byte	0
 1743 0007 01       		.byte	1
 1744 0008 00       		.byte	0
 1745 0009 00       		.byte	0
 1746 000a 00       		.byte	0
 1747 000b 00       		.byte	0
 1748              		.section	.cyflashprotect,"a",%progbits
 1749              		.align	2
 1750              		.type	cy_meta_flashprotect, %object
 1751              		.size	cy_meta_flashprotect, 256
 1752              	cy_meta_flashprotect:
 1753 0000 00000000 		.space	256
 1753      00000000 
 1753      00000000 
 1753      00000000 
 1753      00000000 
 1754              		.text
 1755              	.Letext0:
 1756              		.file 1 "c:\\program files (x86)\\cypress\\psoc creator\\4.3\\psoc creator\\import\\gnu\\arm\\5.4.
 1757              		.file 2 "c:\\program files (x86)\\cypress\\psoc creator\\4.3\\psoc creator\\import\\gnu\\arm\\5.4.
 1758              		.file 3 "Generated_Source\\PSoC5\\cymetadata.c"
 1759              		.section	.debug_info,"",%progbits
 1760              	.Ldebug_info0:
 1761 0000 34010000 		.4byte	0x134
 1762 0004 0400     		.2byte	0x4
 1763 0006 00000000 		.4byte	.Ldebug_abbrev0
ARM GAS  C:\Users\Jorge\AppData\Local\Temp\ccT3fnyd.s 			page 32


 1764 000a 04       		.byte	0x4
 1765 000b 01       		.uleb128 0x1
 1766 000c 24000000 		.4byte	.LASF17
 1767 0010 0C       		.byte	0xc
 1768 0011 BE010000 		.4byte	.LASF18
 1769 0015 06010000 		.4byte	.LASF19
 1770 0019 00000000 		.4byte	.Ldebug_line0
 1771 001d 02       		.uleb128 0x2
 1772 001e 01       		.byte	0x1
 1773 001f 06       		.byte	0x6
 1774 0020 B2010000 		.4byte	.LASF0
 1775 0024 03       		.uleb128 0x3
 1776 0025 00000000 		.4byte	.LASF9
 1777 0029 01       		.byte	0x1
 1778 002a 1D       		.byte	0x1d
 1779 002b 2F000000 		.4byte	0x2f
 1780 002f 02       		.uleb128 0x2
 1781 0030 01       		.byte	0x1
 1782 0031 08       		.byte	0x8
 1783 0032 16000000 		.4byte	.LASF1
 1784 0036 02       		.uleb128 0x2
 1785 0037 02       		.byte	0x2
 1786 0038 05       		.byte	0x5
 1787 0039 9F010000 		.4byte	.LASF2
 1788 003d 02       		.uleb128 0x2
 1789 003e 02       		.byte	0x2
 1790 003f 07       		.byte	0x7
 1791 0040 C4000000 		.4byte	.LASF3
 1792 0044 02       		.uleb128 0x2
 1793 0045 04       		.byte	0x4
 1794 0046 05       		.byte	0x5
 1795 0047 A9010000 		.4byte	.LASF4
 1796 004b 02       		.uleb128 0x2
 1797 004c 04       		.byte	0x4
 1798 004d 07       		.byte	0x7
 1799 004e B2000000 		.4byte	.LASF5
 1800 0052 02       		.uleb128 0x2
 1801 0053 08       		.byte	0x8
 1802 0054 05       		.byte	0x5
 1803 0055 91010000 		.4byte	.LASF6
 1804 0059 02       		.uleb128 0x2
 1805 005a 08       		.byte	0x8
 1806 005b 07       		.byte	0x7
 1807 005c 46010000 		.4byte	.LASF7
 1808 0060 04       		.uleb128 0x4
 1809 0061 04       		.byte	0x4
 1810 0062 05       		.byte	0x5
 1811 0063 696E7400 		.ascii	"int\000"
 1812 0067 02       		.uleb128 0x2
 1813 0068 04       		.byte	0x4
 1814 0069 07       		.byte	0x7
 1815 006a F9000000 		.4byte	.LASF8
 1816 006e 03       		.uleb128 0x3
 1817 006f 5D010000 		.4byte	.LASF10
 1818 0073 02       		.byte	0x2
 1819 0074 18       		.byte	0x18
 1820 0075 24000000 		.4byte	0x24
ARM GAS  C:\Users\Jorge\AppData\Local\Temp\ccT3fnyd.s 			page 33


 1821 0079 05       		.uleb128 0x5
 1822 007a 91000000 		.4byte	0x91
 1823 007e 8A000000 		.4byte	0x8a
 1824 0082 06       		.uleb128 0x6
 1825 0083 8A000000 		.4byte	0x8a
 1826 0087 9306     		.2byte	0x693
 1827 0089 00       		.byte	0
 1828 008a 02       		.uleb128 0x2
 1829 008b 04       		.byte	0x4
 1830 008c 07       		.byte	0x7
 1831 008d 88010000 		.4byte	.LASF11
 1832 0091 07       		.uleb128 0x7
 1833 0092 6E000000 		.4byte	0x6e
 1834 0096 08       		.uleb128 0x8
 1835 0097 E7000000 		.4byte	.LASF12
 1836 009b 03       		.byte	0x3
 1837 009c 1F       		.byte	0x1f
 1838 009d A7000000 		.4byte	0xa7
 1839 00a1 05       		.uleb128 0x5
 1840 00a2 03       		.byte	0x3
 1841 00a3 00000000 		.4byte	cy_meta_configecc
 1842 00a7 07       		.uleb128 0x7
 1843 00a8 79000000 		.4byte	0x79
 1844 00ac 05       		.uleb128 0x5
 1845 00ad 91000000 		.4byte	0x91
 1846 00b1 BC000000 		.4byte	0xbc
 1847 00b5 09       		.uleb128 0x9
 1848 00b6 8A000000 		.4byte	0x8a
 1849 00ba 03       		.byte	0x3
 1850 00bb 00       		.byte	0
 1851 00bc 08       		.uleb128 0x8
 1852 00bd D7000000 		.4byte	.LASF13
 1853 00c1 03       		.byte	0x3
 1854 00c2 FF       		.byte	0xff
 1855 00c3 CD000000 		.4byte	0xcd
 1856 00c7 05       		.uleb128 0x5
 1857 00c8 03       		.byte	0x3
 1858 00c9 00000000 		.4byte	cy_meta_custnvl
 1859 00cd 07       		.uleb128 0x7
 1860 00ce AC000000 		.4byte	0xac
 1861 00d2 0A       		.uleb128 0xa
 1862 00d3 7A010000 		.4byte	.LASF14
 1863 00d7 03       		.byte	0x3
 1864 00d8 0D01     		.2byte	0x10d
 1865 00da E4000000 		.4byte	0xe4
 1866 00de 05       		.uleb128 0x5
 1867 00df 03       		.byte	0x3
 1868 00e0 00000000 		.4byte	cy_meta_wonvl
 1869 00e4 07       		.uleb128 0x7
 1870 00e5 AC000000 		.4byte	0xac
 1871 00e9 05       		.uleb128 0x5
 1872 00ea 91000000 		.4byte	0x91
 1873 00ee F9000000 		.4byte	0xf9
 1874 00f2 09       		.uleb128 0x9
 1875 00f3 8A000000 		.4byte	0x8a
 1876 00f7 FF       		.byte	0xff
 1877 00f8 00       		.byte	0
ARM GAS  C:\Users\Jorge\AppData\Local\Temp\ccT3fnyd.s 			page 34


 1878 00f9 0A       		.uleb128 0xa
 1879 00fa 65010000 		.4byte	.LASF15
 1880 00fe 03       		.byte	0x3
 1881 00ff 1B01     		.2byte	0x11b
 1882 0101 0B010000 		.4byte	0x10b
 1883 0105 05       		.uleb128 0x5
 1884 0106 03       		.byte	0x3
 1885 0107 00000000 		.4byte	cy_meta_flashprotect
 1886 010b 07       		.uleb128 0x7
 1887 010c E9000000 		.4byte	0xe9
 1888 0110 05       		.uleb128 0x5
 1889 0111 91000000 		.4byte	0x91
 1890 0115 20010000 		.4byte	0x120
 1891 0119 09       		.uleb128 0x9
 1892 011a 8A000000 		.4byte	0x8a
 1893 011e 0B       		.byte	0xb
 1894 011f 00       		.byte	0
 1895 0120 0A       		.uleb128 0xa
 1896 0121 0A000000 		.4byte	.LASF16
 1897 0125 03       		.byte	0x3
 1898 0126 4801     		.2byte	0x148
 1899 0128 32010000 		.4byte	0x132
 1900 012c 05       		.uleb128 0x5
 1901 012d 03       		.byte	0x3
 1902 012e 00000000 		.4byte	cy_metadata
 1903 0132 07       		.uleb128 0x7
 1904 0133 10010000 		.4byte	0x110
 1905 0137 00       		.byte	0
 1906              		.section	.debug_abbrev,"",%progbits
 1907              	.Ldebug_abbrev0:
 1908 0000 01       		.uleb128 0x1
 1909 0001 11       		.uleb128 0x11
 1910 0002 01       		.byte	0x1
 1911 0003 25       		.uleb128 0x25
 1912 0004 0E       		.uleb128 0xe
 1913 0005 13       		.uleb128 0x13
 1914 0006 0B       		.uleb128 0xb
 1915 0007 03       		.uleb128 0x3
 1916 0008 0E       		.uleb128 0xe
 1917 0009 1B       		.uleb128 0x1b
 1918 000a 0E       		.uleb128 0xe
 1919 000b 10       		.uleb128 0x10
 1920 000c 17       		.uleb128 0x17
 1921 000d 00       		.byte	0
 1922 000e 00       		.byte	0
 1923 000f 02       		.uleb128 0x2
 1924 0010 24       		.uleb128 0x24
 1925 0011 00       		.byte	0
 1926 0012 0B       		.uleb128 0xb
 1927 0013 0B       		.uleb128 0xb
 1928 0014 3E       		.uleb128 0x3e
 1929 0015 0B       		.uleb128 0xb
 1930 0016 03       		.uleb128 0x3
 1931 0017 0E       		.uleb128 0xe
 1932 0018 00       		.byte	0
 1933 0019 00       		.byte	0
 1934 001a 03       		.uleb128 0x3
ARM GAS  C:\Users\Jorge\AppData\Local\Temp\ccT3fnyd.s 			page 35


 1935 001b 16       		.uleb128 0x16
 1936 001c 00       		.byte	0
 1937 001d 03       		.uleb128 0x3
 1938 001e 0E       		.uleb128 0xe
 1939 001f 3A       		.uleb128 0x3a
 1940 0020 0B       		.uleb128 0xb
 1941 0021 3B       		.uleb128 0x3b
 1942 0022 0B       		.uleb128 0xb
 1943 0023 49       		.uleb128 0x49
 1944 0024 13       		.uleb128 0x13
 1945 0025 00       		.byte	0
 1946 0026 00       		.byte	0
 1947 0027 04       		.uleb128 0x4
 1948 0028 24       		.uleb128 0x24
 1949 0029 00       		.byte	0
 1950 002a 0B       		.uleb128 0xb
 1951 002b 0B       		.uleb128 0xb
 1952 002c 3E       		.uleb128 0x3e
 1953 002d 0B       		.uleb128 0xb
 1954 002e 03       		.uleb128 0x3
 1955 002f 08       		.uleb128 0x8
 1956 0030 00       		.byte	0
 1957 0031 00       		.byte	0
 1958 0032 05       		.uleb128 0x5
 1959 0033 01       		.uleb128 0x1
 1960 0034 01       		.byte	0x1
 1961 0035 49       		.uleb128 0x49
 1962 0036 13       		.uleb128 0x13
 1963 0037 01       		.uleb128 0x1
 1964 0038 13       		.uleb128 0x13
 1965 0039 00       		.byte	0
 1966 003a 00       		.byte	0
 1967 003b 06       		.uleb128 0x6
 1968 003c 21       		.uleb128 0x21
 1969 003d 00       		.byte	0
 1970 003e 49       		.uleb128 0x49
 1971 003f 13       		.uleb128 0x13
 1972 0040 2F       		.uleb128 0x2f
 1973 0041 05       		.uleb128 0x5
 1974 0042 00       		.byte	0
 1975 0043 00       		.byte	0
 1976 0044 07       		.uleb128 0x7
 1977 0045 26       		.uleb128 0x26
 1978 0046 00       		.byte	0
 1979 0047 49       		.uleb128 0x49
 1980 0048 13       		.uleb128 0x13
 1981 0049 00       		.byte	0
 1982 004a 00       		.byte	0
 1983 004b 08       		.uleb128 0x8
 1984 004c 34       		.uleb128 0x34
 1985 004d 00       		.byte	0
 1986 004e 03       		.uleb128 0x3
 1987 004f 0E       		.uleb128 0xe
 1988 0050 3A       		.uleb128 0x3a
 1989 0051 0B       		.uleb128 0xb
 1990 0052 3B       		.uleb128 0x3b
 1991 0053 0B       		.uleb128 0xb
ARM GAS  C:\Users\Jorge\AppData\Local\Temp\ccT3fnyd.s 			page 36


 1992 0054 49       		.uleb128 0x49
 1993 0055 13       		.uleb128 0x13
 1994 0056 3F       		.uleb128 0x3f
 1995 0057 19       		.uleb128 0x19
 1996 0058 02       		.uleb128 0x2
 1997 0059 18       		.uleb128 0x18
 1998 005a 00       		.byte	0
 1999 005b 00       		.byte	0
 2000 005c 09       		.uleb128 0x9
 2001 005d 21       		.uleb128 0x21
 2002 005e 00       		.byte	0
 2003 005f 49       		.uleb128 0x49
 2004 0060 13       		.uleb128 0x13
 2005 0061 2F       		.uleb128 0x2f
 2006 0062 0B       		.uleb128 0xb
 2007 0063 00       		.byte	0
 2008 0064 00       		.byte	0
 2009 0065 0A       		.uleb128 0xa
 2010 0066 34       		.uleb128 0x34
 2011 0067 00       		.byte	0
 2012 0068 03       		.uleb128 0x3
 2013 0069 0E       		.uleb128 0xe
 2014 006a 3A       		.uleb128 0x3a
 2015 006b 0B       		.uleb128 0xb
 2016 006c 3B       		.uleb128 0x3b
 2017 006d 05       		.uleb128 0x5
 2018 006e 49       		.uleb128 0x49
 2019 006f 13       		.uleb128 0x13
 2020 0070 3F       		.uleb128 0x3f
 2021 0071 19       		.uleb128 0x19
 2022 0072 02       		.uleb128 0x2
 2023 0073 18       		.uleb128 0x18
 2024 0074 00       		.byte	0
 2025 0075 00       		.byte	0
 2026 0076 00       		.byte	0
 2027              		.section	.debug_aranges,"",%progbits
 2028 0000 14000000 		.4byte	0x14
 2029 0004 0200     		.2byte	0x2
 2030 0006 00000000 		.4byte	.Ldebug_info0
 2031 000a 04       		.byte	0x4
 2032 000b 00       		.byte	0
 2033 000c 0000     		.2byte	0
 2034 000e 0000     		.2byte	0
 2035 0010 00000000 		.4byte	0
 2036 0014 00000000 		.4byte	0
 2037              		.section	.debug_line,"",%progbits
 2038              	.Ldebug_line0:
 2039 0000 3D010000 		.section	.debug_str,"MS",%progbits,1
 2039      02003701 
 2039      00000201 
 2039      FB0E0D00 
 2039      01010101 
 2040              	.LASF9:
 2041 0000 5F5F7569 		.ascii	"__uint8_t\000"
 2041      6E74385F 
 2041      7400
 2042              	.LASF16:
ARM GAS  C:\Users\Jorge\AppData\Local\Temp\ccT3fnyd.s 			page 37


 2043 000a 63795F6D 		.ascii	"cy_metadata\000"
 2043      65746164 
 2043      61746100 
 2044              	.LASF1:
 2045 0016 756E7369 		.ascii	"unsigned char\000"
 2045      676E6564 
 2045      20636861 
 2045      7200
 2046              	.LASF17:
 2047 0024 474E5520 		.ascii	"GNU C11 5.4.1 20160609 (release) [ARM/embedded-5-br"
 2047      43313120 
 2047      352E342E 
 2047      31203230 
 2047      31363036 
 2048 0057 616E6368 		.ascii	"anch revision 237715] -mcpu=cortex-m3 -mthumb -g -O"
 2048      20726576 
 2048      6973696F 
 2048      6E203233 
 2048      37373135 
 2049 008a 67202D66 		.ascii	"g -ffunction-sections -ffat-lto-objects\000"
 2049      66756E63 
 2049      74696F6E 
 2049      2D736563 
 2049      74696F6E 
 2050              	.LASF5:
 2051 00b2 6C6F6E67 		.ascii	"long unsigned int\000"
 2051      20756E73 
 2051      69676E65 
 2051      6420696E 
 2051      7400
 2052              	.LASF3:
 2053 00c4 73686F72 		.ascii	"short unsigned int\000"
 2053      7420756E 
 2053      7369676E 
 2053      65642069 
 2053      6E7400
 2054              	.LASF13:
 2055 00d7 63795F6D 		.ascii	"cy_meta_custnvl\000"
 2055      6574615F 
 2055      63757374 
 2055      6E766C00 
 2056              	.LASF12:
 2057 00e7 63795F6D 		.ascii	"cy_meta_configecc\000"
 2057      6574615F 
 2057      636F6E66 
 2057      69676563 
 2057      6300
 2058              	.LASF8:
 2059 00f9 756E7369 		.ascii	"unsigned int\000"
 2059      676E6564 
 2059      20696E74 
 2059      00
 2060              	.LASF19:
 2061 0106 433A5C55 		.ascii	"C:\\Users\\Jorge\\Documents\\PSoC Creator\\Robotics"
 2061      73657273 
 2061      5C4A6F72 
 2061      67655C44 
ARM GAS  C:\Users\Jorge\AppData\Local\Temp\ccT3fnyd.s 			page 38


 2061      6F63756D 
 2062 0134 315C5374 		.ascii	"1\\Stepper_2.cydsn\000"
 2062      65707065 
 2062      725F322E 
 2062      63796473 
 2062      6E00
 2063              	.LASF7:
 2064 0146 6C6F6E67 		.ascii	"long long unsigned int\000"
 2064      206C6F6E 
 2064      6720756E 
 2064      7369676E 
 2064      65642069 
 2065              	.LASF10:
 2066 015d 75696E74 		.ascii	"uint8_t\000"
 2066      385F7400 
 2067              	.LASF15:
 2068 0165 63795F6D 		.ascii	"cy_meta_flashprotect\000"
 2068      6574615F 
 2068      666C6173 
 2068      6870726F 
 2068      74656374 
 2069              	.LASF14:
 2070 017a 63795F6D 		.ascii	"cy_meta_wonvl\000"
 2070      6574615F 
 2070      776F6E76 
 2070      6C00
 2071              	.LASF11:
 2072 0188 73697A65 		.ascii	"sizetype\000"
 2072      74797065 
 2072      00
 2073              	.LASF6:
 2074 0191 6C6F6E67 		.ascii	"long long int\000"
 2074      206C6F6E 
 2074      6720696E 
 2074      7400
 2075              	.LASF2:
 2076 019f 73686F72 		.ascii	"short int\000"
 2076      7420696E 
 2076      7400
 2077              	.LASF4:
 2078 01a9 6C6F6E67 		.ascii	"long int\000"
 2078      20696E74 
 2078      00
 2079              	.LASF0:
 2080 01b2 7369676E 		.ascii	"signed char\000"
 2080      65642063 
 2080      68617200 
 2081              	.LASF18:
 2082 01be 47656E65 		.ascii	"Generated_Source\\PSoC5\\cymetadata.c\000"
 2082      72617465 
 2082      645F536F 
 2082      75726365 
 2082      5C50536F 
 2083              		.ident	"GCC: (GNU Tools for ARM Embedded Processors) 5.4.1 20160609 (release) [ARM/embedded-5-bran
