ARM GAS  C:\Users\Jorge\AppData\Local\Temp\ccQoKJH0.s 			page 1


   1              		.syntax unified
   2              		.cpu cortex-m3
   3              		.fpu softvfp
   4              		.eabi_attribute 20, 1
   5              		.eabi_attribute 21, 1
   6              		.eabi_attribute 23, 3
   7              		.eabi_attribute 24, 1
   8              		.eabi_attribute 25, 1
   9              		.eabi_attribute 26, 1
  10              		.eabi_attribute 30, 1
  11              		.eabi_attribute 34, 1
  12              		.eabi_attribute 18, 4
  13              		.thumb
  14              		.syntax unified
  15              		.file	"main.c"
  16              		.text
  17              	.Ltext0:
  18              		.cfi_sections	.debug_frame
  19              		.section	.text.main,"ax",%progbits
  20              		.align	2
  21              		.global	main
  22              		.thumb
  23              		.thumb_func
  24              		.type	main, %function
  25              	main:
  26              	.LFB63:
  27              		.file 1 "main.c"
   1:main.c        **** 
   2:main.c        **** #include "project.h"
   3:main.c        **** 
   4:main.c        **** int main(void)
   5:main.c        **** {   
  28              		.loc 1 5 0
  29              		.cfi_startproc
  30              		@ args = 0, pretend = 0, frame = 0
  31              		@ frame_needed = 0, uses_anonymous_args = 0
  32 0000 08B5     		push	{r3, lr}
  33              		.cfi_def_cfa_offset 8
  34              		.cfi_offset 3, -8
  35              		.cfi_offset 14, -4
  36              	.LVL0:
   6:main.c        ****     int Count1;
   7:main.c        ****     int Count2;
   8:main.c        ****     int Count_Difference;
   9:main.c        ****     float cpr=825.9;
  10:main.c        ****     float speed;
  11:main.c        ****     int Compare;
  12:main.c        ****    // int Pot;
  13:main.c        ****     QuadDec_1_Start();
  37              		.loc 1 13 0
  38 0002 FFF7FEFF 		bl	QuadDec_1_Start
  39              	.LVL1:
  14:main.c        ****     LCD_Char_1_Start();
  40              		.loc 1 14 0
  41 0006 FFF7FEFF 		bl	LCD_Char_1_Start
  42              	.LVL2:
  15:main.c        ****     //ADC_SAR_Seq_1_Start();
ARM GAS  C:\Users\Jorge\AppData\Local\Temp\ccQoKJH0.s 			page 2


  16:main.c        ****    // ADC_SAR_Seq_1_StartConvert();
  17:main.c        ****     PWM_1_Start();
  43              		.loc 1 17 0
  44 000a FFF7FEFF 		bl	PWM_1_Start
  45              	.LVL3:
  46              	.L2:
  18:main.c        ****     for(;;)
  19:main.c        ****     {
  20:main.c        ****         
  21:main.c        ****         PWM_1_WriteCompare1(100);
  47              		.loc 1 21 0 discriminator 1
  48 000e 6420     		movs	r0, #100
  49 0010 FFF7FEFF 		bl	PWM_1_WriteCompare1
  50              	.LVL4:
  22:main.c        ****         PWM_1_WriteCompare2(0);
  51              		.loc 1 22 0 discriminator 1
  52 0014 0020     		movs	r0, #0
  53 0016 FFF7FEFF 		bl	PWM_1_WriteCompare2
  54              	.LVL5:
  23:main.c        ****            
  24:main.c        ****         CyDelay(2000);
  55              		.loc 1 24 0 discriminator 1
  56 001a 4FF4FA60 		mov	r0, #2000
  57 001e FFF7FEFF 		bl	CyDelay
  58              	.LVL6:
  25:main.c        ****         
  26:main.c        ****         PWM_1_WriteCompare1(0);
  59              		.loc 1 26 0 discriminator 1
  60 0022 0020     		movs	r0, #0
  61 0024 FFF7FEFF 		bl	PWM_1_WriteCompare1
  62              	.LVL7:
  27:main.c        ****         PWM_1_WriteCompare2(100);
  63              		.loc 1 27 0 discriminator 1
  64 0028 6420     		movs	r0, #100
  65 002a FFF7FEFF 		bl	PWM_1_WriteCompare2
  66              	.LVL8:
  28:main.c        ****         
  29:main.c        ****         CyDelay(2000);
  67              		.loc 1 29 0 discriminator 1
  68 002e 4FF4FA60 		mov	r0, #2000
  69 0032 FFF7FEFF 		bl	CyDelay
  70              	.LVL9:
  71 0036 EAE7     		b	.L2
  72              		.cfi_endproc
  73              	.LFE63:
  74              		.size	main, .-main
  75              		.text
  76              	.Letext0:
  77              		.file 2 "c:\\program files (x86)\\cypress\\psoc creator\\4.3\\psoc creator\\import\\gnu\\arm\\5.4.
  78              		.file 3 "c:\\program files (x86)\\cypress\\psoc creator\\4.3\\psoc creator\\import\\gnu\\arm\\5.4.
  79              		.file 4 "Generated_Source\\PSoC5/QuadDec_1.h"
  80              		.file 5 "Generated_Source\\PSoC5/LCD_Char_1.h"
  81              		.file 6 "Generated_Source\\PSoC5/PWM_1.h"
  82              		.file 7 "Generated_Source\\PSoC5/CyLib.h"
  83              		.file 8 "Generated_Source\\PSoC5/core_cm3.h"
  84              		.section	.debug_info,"",%progbits
  85              	.Ldebug_info0:
ARM GAS  C:\Users\Jorge\AppData\Local\Temp\ccQoKJH0.s 			page 3


  86 0000 E4010000 		.4byte	0x1e4
  87 0004 0400     		.2byte	0x4
  88 0006 00000000 		.4byte	.Ldebug_abbrev0
  89 000a 04       		.byte	0x4
  90 000b 01       		.uleb128 0x1
  91 000c 7E000000 		.4byte	.LASF27
  92 0010 0C       		.byte	0xc
  93 0011 D3010000 		.4byte	.LASF28
  94 0015 78010000 		.4byte	.LASF29
  95 0019 00000000 		.4byte	.Ldebug_ranges0+0
  96 001d 00000000 		.4byte	0
  97 0021 00000000 		.4byte	.Ldebug_line0
  98 0025 02       		.uleb128 0x2
  99 0026 01       		.byte	0x1
 100 0027 06       		.byte	0x6
 101 0028 FE010000 		.4byte	.LASF0
 102 002c 02       		.uleb128 0x2
 103 002d 01       		.byte	0x1
 104 002e 08       		.byte	0x8
 105 002f 70000000 		.4byte	.LASF1
 106 0033 02       		.uleb128 0x2
 107 0034 02       		.byte	0x2
 108 0035 05       		.byte	0x5
 109 0036 DF010000 		.4byte	.LASF2
 110 003a 02       		.uleb128 0x2
 111 003b 02       		.byte	0x2
 112 003c 07       		.byte	0x7
 113 003d 0A020000 		.4byte	.LASF3
 114 0041 03       		.uleb128 0x3
 115 0042 17000000 		.4byte	.LASF9
 116 0046 02       		.byte	0x2
 117 0047 3F       		.byte	0x3f
 118 0048 4C000000 		.4byte	0x4c
 119 004c 02       		.uleb128 0x2
 120 004d 04       		.byte	0x4
 121 004e 05       		.byte	0x5
 122 004f E9010000 		.4byte	.LASF4
 123 0053 02       		.uleb128 0x2
 124 0054 04       		.byte	0x4
 125 0055 07       		.byte	0x7
 126 0056 1D010000 		.4byte	.LASF5
 127 005a 02       		.uleb128 0x2
 128 005b 08       		.byte	0x8
 129 005c 05       		.byte	0x5
 130 005d C5010000 		.4byte	.LASF6
 131 0061 02       		.uleb128 0x2
 132 0062 08       		.byte	0x8
 133 0063 07       		.byte	0x7
 134 0064 61010000 		.4byte	.LASF7
 135 0068 04       		.uleb128 0x4
 136 0069 04       		.byte	0x4
 137 006a 05       		.byte	0x5
 138 006b 696E7400 		.ascii	"int\000"
 139 006f 02       		.uleb128 0x2
 140 0070 04       		.byte	0x4
 141 0071 07       		.byte	0x7
 142 0072 54010000 		.4byte	.LASF8
ARM GAS  C:\Users\Jorge\AppData\Local\Temp\ccQoKJH0.s 			page 4


 143 0076 03       		.uleb128 0x3
 144 0077 51000000 		.4byte	.LASF10
 145 007b 03       		.byte	0x3
 146 007c 2C       		.byte	0x2c
 147 007d 41000000 		.4byte	0x41
 148 0081 02       		.uleb128 0x2
 149 0082 04       		.byte	0x4
 150 0083 04       		.byte	0x4
 151 0084 59000000 		.4byte	.LASF11
 152 0088 02       		.uleb128 0x2
 153 0089 08       		.byte	0x8
 154 008a 04       		.byte	0x4
 155 008b 48010000 		.4byte	.LASF12
 156 008f 02       		.uleb128 0x2
 157 0090 01       		.byte	0x1
 158 0091 08       		.byte	0x8
 159 0092 DA010000 		.4byte	.LASF13
 160 0096 02       		.uleb128 0x2
 161 0097 08       		.byte	0x8
 162 0098 04       		.byte	0x4
 163 0099 F2010000 		.4byte	.LASF14
 164 009d 02       		.uleb128 0x2
 165 009e 04       		.byte	0x4
 166 009f 07       		.byte	0x7
 167 00a0 BC010000 		.4byte	.LASF15
 168 00a4 05       		.uleb128 0x5
 169 00a5 4F010000 		.4byte	.LASF30
 170 00a9 01       		.byte	0x1
 171 00aa 04       		.byte	0x4
 172 00ab 68000000 		.4byte	0x68
 173 00af 00000000 		.4byte	.LFB63
 174 00b3 38000000 		.4byte	.LFE63-.LFB63
 175 00b7 01       		.uleb128 0x1
 176 00b8 9C       		.byte	0x9c
 177 00b9 94010000 		.4byte	0x194
 178 00bd 06       		.uleb128 0x6
 179 00be 25020000 		.4byte	.LASF16
 180 00c2 01       		.byte	0x1
 181 00c3 06       		.byte	0x6
 182 00c4 68000000 		.4byte	0x68
 183 00c8 06       		.uleb128 0x6
 184 00c9 00000000 		.4byte	.LASF17
 185 00cd 01       		.byte	0x1
 186 00ce 07       		.byte	0x7
 187 00cf 68000000 		.4byte	0x68
 188 00d3 06       		.uleb128 0x6
 189 00d4 0C010000 		.4byte	.LASF18
 190 00d8 01       		.byte	0x1
 191 00d9 08       		.byte	0x8
 192 00da 68000000 		.4byte	0x68
 193 00de 07       		.uleb128 0x7
 194 00df 63707200 		.ascii	"cpr\000"
 195 00e3 01       		.byte	0x1
 196 00e4 09       		.byte	0x9
 197 00e5 81000000 		.4byte	0x81
 198 00e9 04       		.byte	0x4
 199 00ea 9A794E44 		.4byte	0x444e799a
ARM GAS  C:\Users\Jorge\AppData\Local\Temp\ccQoKJH0.s 			page 5


 200 00ee 06       		.uleb128 0x6
 201 00ef B6010000 		.4byte	.LASF19
 202 00f3 01       		.byte	0x1
 203 00f4 0A       		.byte	0xa
 204 00f5 81000000 		.4byte	0x81
 205 00f9 06       		.uleb128 0x6
 206 00fa 21000000 		.4byte	.LASF20
 207 00fe 01       		.byte	0x1
 208 00ff 0B       		.byte	0xb
 209 0100 68000000 		.4byte	0x68
 210 0104 08       		.uleb128 0x8
 211 0105 06000000 		.4byte	.LVL1
 212 0109 A5010000 		.4byte	0x1a5
 213 010d 08       		.uleb128 0x8
 214 010e 0A000000 		.4byte	.LVL2
 215 0112 B0010000 		.4byte	0x1b0
 216 0116 08       		.uleb128 0x8
 217 0117 0E000000 		.4byte	.LVL3
 218 011b BB010000 		.4byte	0x1bb
 219 011f 09       		.uleb128 0x9
 220 0120 14000000 		.4byte	.LVL4
 221 0124 C6010000 		.4byte	0x1c6
 222 0128 33010000 		.4byte	0x133
 223 012c 0A       		.uleb128 0xa
 224 012d 01       		.uleb128 0x1
 225 012e 50       		.byte	0x50
 226 012f 02       		.uleb128 0x2
 227 0130 08       		.byte	0x8
 228 0131 64       		.byte	0x64
 229 0132 00       		.byte	0
 230 0133 09       		.uleb128 0x9
 231 0134 1A000000 		.4byte	.LVL5
 232 0138 D1010000 		.4byte	0x1d1
 233 013c 46010000 		.4byte	0x146
 234 0140 0A       		.uleb128 0xa
 235 0141 01       		.uleb128 0x1
 236 0142 50       		.byte	0x50
 237 0143 01       		.uleb128 0x1
 238 0144 30       		.byte	0x30
 239 0145 00       		.byte	0
 240 0146 09       		.uleb128 0x9
 241 0147 22000000 		.4byte	.LVL6
 242 014b DC010000 		.4byte	0x1dc
 243 014f 5B010000 		.4byte	0x15b
 244 0153 0A       		.uleb128 0xa
 245 0154 01       		.uleb128 0x1
 246 0155 50       		.byte	0x50
 247 0156 03       		.uleb128 0x3
 248 0157 0A       		.byte	0xa
 249 0158 D007     		.2byte	0x7d0
 250 015a 00       		.byte	0
 251 015b 09       		.uleb128 0x9
 252 015c 28000000 		.4byte	.LVL7
 253 0160 C6010000 		.4byte	0x1c6
 254 0164 6E010000 		.4byte	0x16e
 255 0168 0A       		.uleb128 0xa
 256 0169 01       		.uleb128 0x1
ARM GAS  C:\Users\Jorge\AppData\Local\Temp\ccQoKJH0.s 			page 6


 257 016a 50       		.byte	0x50
 258 016b 01       		.uleb128 0x1
 259 016c 30       		.byte	0x30
 260 016d 00       		.byte	0
 261 016e 09       		.uleb128 0x9
 262 016f 2E000000 		.4byte	.LVL8
 263 0173 D1010000 		.4byte	0x1d1
 264 0177 82010000 		.4byte	0x182
 265 017b 0A       		.uleb128 0xa
 266 017c 01       		.uleb128 0x1
 267 017d 50       		.byte	0x50
 268 017e 02       		.uleb128 0x2
 269 017f 08       		.byte	0x8
 270 0180 64       		.byte	0x64
 271 0181 00       		.byte	0
 272 0182 0B       		.uleb128 0xb
 273 0183 36000000 		.4byte	.LVL9
 274 0187 DC010000 		.4byte	0x1dc
 275 018b 0A       		.uleb128 0xa
 276 018c 01       		.uleb128 0x1
 277 018d 50       		.byte	0x50
 278 018e 03       		.uleb128 0x3
 279 018f 0A       		.byte	0xa
 280 0190 D007     		.2byte	0x7d0
 281 0192 00       		.byte	0
 282 0193 00       		.byte	0
 283 0194 0C       		.uleb128 0xc
 284 0195 3B010000 		.4byte	.LASF31
 285 0199 08       		.byte	0x8
 286 019a 1207     		.2byte	0x712
 287 019c A0010000 		.4byte	0x1a0
 288 01a0 0D       		.uleb128 0xd
 289 01a1 76000000 		.4byte	0x76
 290 01a5 0E       		.uleb128 0xe
 291 01a6 07000000 		.4byte	.LASF21
 292 01aa 07000000 		.4byte	.LASF21
 293 01ae 04       		.byte	0x4
 294 01af 48       		.byte	0x48
 295 01b0 0E       		.uleb128 0xe
 296 01b1 5F000000 		.4byte	.LASF22
 297 01b5 5F000000 		.4byte	.LASF22
 298 01b9 05       		.byte	0x5
 299 01ba 38       		.byte	0x38
 300 01bb 0E       		.uleb128 0xe
 301 01bc 2F010000 		.4byte	.LASF23
 302 01c0 2F010000 		.4byte	.LASF23
 303 01c4 06       		.byte	0x6
 304 01c5 92       		.byte	0x92
 305 01c6 0E       		.uleb128 0xe
 306 01c7 29000000 		.4byte	.LASF24
 307 01cb 29000000 		.4byte	.LASF24
 308 01cf 06       		.byte	0x6
 309 01d0 C7       		.byte	0xc7
 310 01d1 0E       		.uleb128 0xe
 311 01d2 3D000000 		.4byte	.LASF25
 312 01d6 3D000000 		.4byte	.LASF25
 313 01da 06       		.byte	0x6
ARM GAS  C:\Users\Jorge\AppData\Local\Temp\ccQoKJH0.s 			page 7


 314 01db CA       		.byte	0xca
 315 01dc 0E       		.uleb128 0xe
 316 01dd 1D020000 		.4byte	.LASF26
 317 01e1 1D020000 		.4byte	.LASF26
 318 01e5 07       		.byte	0x7
 319 01e6 76       		.byte	0x76
 320 01e7 00       		.byte	0
 321              		.section	.debug_abbrev,"",%progbits
 322              	.Ldebug_abbrev0:
 323 0000 01       		.uleb128 0x1
 324 0001 11       		.uleb128 0x11
 325 0002 01       		.byte	0x1
 326 0003 25       		.uleb128 0x25
 327 0004 0E       		.uleb128 0xe
 328 0005 13       		.uleb128 0x13
 329 0006 0B       		.uleb128 0xb
 330 0007 03       		.uleb128 0x3
 331 0008 0E       		.uleb128 0xe
 332 0009 1B       		.uleb128 0x1b
 333 000a 0E       		.uleb128 0xe
 334 000b 55       		.uleb128 0x55
 335 000c 17       		.uleb128 0x17
 336 000d 11       		.uleb128 0x11
 337 000e 01       		.uleb128 0x1
 338 000f 10       		.uleb128 0x10
 339 0010 17       		.uleb128 0x17
 340 0011 00       		.byte	0
 341 0012 00       		.byte	0
 342 0013 02       		.uleb128 0x2
 343 0014 24       		.uleb128 0x24
 344 0015 00       		.byte	0
 345 0016 0B       		.uleb128 0xb
 346 0017 0B       		.uleb128 0xb
 347 0018 3E       		.uleb128 0x3e
 348 0019 0B       		.uleb128 0xb
 349 001a 03       		.uleb128 0x3
 350 001b 0E       		.uleb128 0xe
 351 001c 00       		.byte	0
 352 001d 00       		.byte	0
 353 001e 03       		.uleb128 0x3
 354 001f 16       		.uleb128 0x16
 355 0020 00       		.byte	0
 356 0021 03       		.uleb128 0x3
 357 0022 0E       		.uleb128 0xe
 358 0023 3A       		.uleb128 0x3a
 359 0024 0B       		.uleb128 0xb
 360 0025 3B       		.uleb128 0x3b
 361 0026 0B       		.uleb128 0xb
 362 0027 49       		.uleb128 0x49
 363 0028 13       		.uleb128 0x13
 364 0029 00       		.byte	0
 365 002a 00       		.byte	0
 366 002b 04       		.uleb128 0x4
 367 002c 24       		.uleb128 0x24
 368 002d 00       		.byte	0
 369 002e 0B       		.uleb128 0xb
 370 002f 0B       		.uleb128 0xb
ARM GAS  C:\Users\Jorge\AppData\Local\Temp\ccQoKJH0.s 			page 8


 371 0030 3E       		.uleb128 0x3e
 372 0031 0B       		.uleb128 0xb
 373 0032 03       		.uleb128 0x3
 374 0033 08       		.uleb128 0x8
 375 0034 00       		.byte	0
 376 0035 00       		.byte	0
 377 0036 05       		.uleb128 0x5
 378 0037 2E       		.uleb128 0x2e
 379 0038 01       		.byte	0x1
 380 0039 3F       		.uleb128 0x3f
 381 003a 19       		.uleb128 0x19
 382 003b 03       		.uleb128 0x3
 383 003c 0E       		.uleb128 0xe
 384 003d 3A       		.uleb128 0x3a
 385 003e 0B       		.uleb128 0xb
 386 003f 3B       		.uleb128 0x3b
 387 0040 0B       		.uleb128 0xb
 388 0041 27       		.uleb128 0x27
 389 0042 19       		.uleb128 0x19
 390 0043 49       		.uleb128 0x49
 391 0044 13       		.uleb128 0x13
 392 0045 8701     		.uleb128 0x87
 393 0047 19       		.uleb128 0x19
 394 0048 11       		.uleb128 0x11
 395 0049 01       		.uleb128 0x1
 396 004a 12       		.uleb128 0x12
 397 004b 06       		.uleb128 0x6
 398 004c 40       		.uleb128 0x40
 399 004d 18       		.uleb128 0x18
 400 004e 9742     		.uleb128 0x2117
 401 0050 19       		.uleb128 0x19
 402 0051 01       		.uleb128 0x1
 403 0052 13       		.uleb128 0x13
 404 0053 00       		.byte	0
 405 0054 00       		.byte	0
 406 0055 06       		.uleb128 0x6
 407 0056 34       		.uleb128 0x34
 408 0057 00       		.byte	0
 409 0058 03       		.uleb128 0x3
 410 0059 0E       		.uleb128 0xe
 411 005a 3A       		.uleb128 0x3a
 412 005b 0B       		.uleb128 0xb
 413 005c 3B       		.uleb128 0x3b
 414 005d 0B       		.uleb128 0xb
 415 005e 49       		.uleb128 0x49
 416 005f 13       		.uleb128 0x13
 417 0060 00       		.byte	0
 418 0061 00       		.byte	0
 419 0062 07       		.uleb128 0x7
 420 0063 34       		.uleb128 0x34
 421 0064 00       		.byte	0
 422 0065 03       		.uleb128 0x3
 423 0066 08       		.uleb128 0x8
 424 0067 3A       		.uleb128 0x3a
 425 0068 0B       		.uleb128 0xb
 426 0069 3B       		.uleb128 0x3b
 427 006a 0B       		.uleb128 0xb
ARM GAS  C:\Users\Jorge\AppData\Local\Temp\ccQoKJH0.s 			page 9


 428 006b 49       		.uleb128 0x49
 429 006c 13       		.uleb128 0x13
 430 006d 1C       		.uleb128 0x1c
 431 006e 0A       		.uleb128 0xa
 432 006f 00       		.byte	0
 433 0070 00       		.byte	0
 434 0071 08       		.uleb128 0x8
 435 0072 898201   		.uleb128 0x4109
 436 0075 00       		.byte	0
 437 0076 11       		.uleb128 0x11
 438 0077 01       		.uleb128 0x1
 439 0078 31       		.uleb128 0x31
 440 0079 13       		.uleb128 0x13
 441 007a 00       		.byte	0
 442 007b 00       		.byte	0
 443 007c 09       		.uleb128 0x9
 444 007d 898201   		.uleb128 0x4109
 445 0080 01       		.byte	0x1
 446 0081 11       		.uleb128 0x11
 447 0082 01       		.uleb128 0x1
 448 0083 31       		.uleb128 0x31
 449 0084 13       		.uleb128 0x13
 450 0085 01       		.uleb128 0x1
 451 0086 13       		.uleb128 0x13
 452 0087 00       		.byte	0
 453 0088 00       		.byte	0
 454 0089 0A       		.uleb128 0xa
 455 008a 8A8201   		.uleb128 0x410a
 456 008d 00       		.byte	0
 457 008e 02       		.uleb128 0x2
 458 008f 18       		.uleb128 0x18
 459 0090 9142     		.uleb128 0x2111
 460 0092 18       		.uleb128 0x18
 461 0093 00       		.byte	0
 462 0094 00       		.byte	0
 463 0095 0B       		.uleb128 0xb
 464 0096 898201   		.uleb128 0x4109
 465 0099 01       		.byte	0x1
 466 009a 11       		.uleb128 0x11
 467 009b 01       		.uleb128 0x1
 468 009c 31       		.uleb128 0x31
 469 009d 13       		.uleb128 0x13
 470 009e 00       		.byte	0
 471 009f 00       		.byte	0
 472 00a0 0C       		.uleb128 0xc
 473 00a1 34       		.uleb128 0x34
 474 00a2 00       		.byte	0
 475 00a3 03       		.uleb128 0x3
 476 00a4 0E       		.uleb128 0xe
 477 00a5 3A       		.uleb128 0x3a
 478 00a6 0B       		.uleb128 0xb
 479 00a7 3B       		.uleb128 0x3b
 480 00a8 05       		.uleb128 0x5
 481 00a9 49       		.uleb128 0x49
 482 00aa 13       		.uleb128 0x13
 483 00ab 3F       		.uleb128 0x3f
 484 00ac 19       		.uleb128 0x19
ARM GAS  C:\Users\Jorge\AppData\Local\Temp\ccQoKJH0.s 			page 10


 485 00ad 3C       		.uleb128 0x3c
 486 00ae 19       		.uleb128 0x19
 487 00af 00       		.byte	0
 488 00b0 00       		.byte	0
 489 00b1 0D       		.uleb128 0xd
 490 00b2 35       		.uleb128 0x35
 491 00b3 00       		.byte	0
 492 00b4 49       		.uleb128 0x49
 493 00b5 13       		.uleb128 0x13
 494 00b6 00       		.byte	0
 495 00b7 00       		.byte	0
 496 00b8 0E       		.uleb128 0xe
 497 00b9 2E       		.uleb128 0x2e
 498 00ba 00       		.byte	0
 499 00bb 3F       		.uleb128 0x3f
 500 00bc 19       		.uleb128 0x19
 501 00bd 3C       		.uleb128 0x3c
 502 00be 19       		.uleb128 0x19
 503 00bf 6E       		.uleb128 0x6e
 504 00c0 0E       		.uleb128 0xe
 505 00c1 03       		.uleb128 0x3
 506 00c2 0E       		.uleb128 0xe
 507 00c3 3A       		.uleb128 0x3a
 508 00c4 0B       		.uleb128 0xb
 509 00c5 3B       		.uleb128 0x3b
 510 00c6 0B       		.uleb128 0xb
 511 00c7 00       		.byte	0
 512 00c8 00       		.byte	0
 513 00c9 00       		.byte	0
 514              		.section	.debug_aranges,"",%progbits
 515 0000 1C000000 		.4byte	0x1c
 516 0004 0200     		.2byte	0x2
 517 0006 00000000 		.4byte	.Ldebug_info0
 518 000a 04       		.byte	0x4
 519 000b 00       		.byte	0
 520 000c 0000     		.2byte	0
 521 000e 0000     		.2byte	0
 522 0010 00000000 		.4byte	.LFB63
 523 0014 38000000 		.4byte	.LFE63-.LFB63
 524 0018 00000000 		.4byte	0
 525 001c 00000000 		.4byte	0
 526              		.section	.debug_ranges,"",%progbits
 527              	.Ldebug_ranges0:
 528 0000 00000000 		.4byte	.LFB63
 529 0004 38000000 		.4byte	.LFE63
 530 0008 00000000 		.4byte	0
 531 000c 00000000 		.4byte	0
 532              		.section	.debug_line,"",%progbits
 533              	.Ldebug_line0:
 534 0000 A8010000 		.section	.debug_str,"MS",%progbits,1
 534      02007401 
 534      00000201 
 534      FB0E0D00 
 534      01010101 
 535              	.LASF17:
 536 0000 436F756E 		.ascii	"Count2\000"
 536      743200
ARM GAS  C:\Users\Jorge\AppData\Local\Temp\ccQoKJH0.s 			page 11


 537              	.LASF21:
 538 0007 51756164 		.ascii	"QuadDec_1_Start\000"
 538      4465635F 
 538      315F5374 
 538      61727400 
 539              	.LASF9:
 540 0017 5F5F696E 		.ascii	"__int32_t\000"
 540      7433325F 
 540      7400
 541              	.LASF20:
 542 0021 436F6D70 		.ascii	"Compare\000"
 542      61726500 
 543              	.LASF24:
 544 0029 50574D5F 		.ascii	"PWM_1_WriteCompare1\000"
 544      315F5772 
 544      69746543 
 544      6F6D7061 
 544      72653100 
 545              	.LASF25:
 546 003d 50574D5F 		.ascii	"PWM_1_WriteCompare2\000"
 546      315F5772 
 546      69746543 
 546      6F6D7061 
 546      72653200 
 547              	.LASF10:
 548 0051 696E7433 		.ascii	"int32_t\000"
 548      325F7400 
 549              	.LASF11:
 550 0059 666C6F61 		.ascii	"float\000"
 550      7400
 551              	.LASF22:
 552 005f 4C43445F 		.ascii	"LCD_Char_1_Start\000"
 552      43686172 
 552      5F315F53 
 552      74617274 
 552      00
 553              	.LASF1:
 554 0070 756E7369 		.ascii	"unsigned char\000"
 554      676E6564 
 554      20636861 
 554      7200
 555              	.LASF27:
 556 007e 474E5520 		.ascii	"GNU C11 5.4.1 20160609 (release) [ARM/embedded-5-br"
 556      43313120 
 556      352E342E 
 556      31203230 
 556      31363036 
 557 00b1 616E6368 		.ascii	"anch revision 237715] -mcpu=cortex-m3 -mthumb -g -O"
 557      20726576 
 557      6973696F 
 557      6E203233 
 557      37373135 
 558 00e4 67202D66 		.ascii	"g -ffunction-sections -ffat-lto-objects\000"
 558      66756E63 
 558      74696F6E 
 558      2D736563 
 558      74696F6E 
ARM GAS  C:\Users\Jorge\AppData\Local\Temp\ccQoKJH0.s 			page 12


 559              	.LASF18:
 560 010c 436F756E 		.ascii	"Count_Difference\000"
 560      745F4469 
 560      66666572 
 560      656E6365 
 560      00
 561              	.LASF5:
 562 011d 6C6F6E67 		.ascii	"long unsigned int\000"
 562      20756E73 
 562      69676E65 
 562      6420696E 
 562      7400
 563              	.LASF23:
 564 012f 50574D5F 		.ascii	"PWM_1_Start\000"
 564      315F5374 
 564      61727400 
 565              	.LASF31:
 566 013b 49544D5F 		.ascii	"ITM_RxBuffer\000"
 566      52784275 
 566      66666572 
 566      00
 567              	.LASF12:
 568 0148 646F7562 		.ascii	"double\000"
 568      6C6500
 569              	.LASF30:
 570 014f 6D61696E 		.ascii	"main\000"
 570      00
 571              	.LASF8:
 572 0154 756E7369 		.ascii	"unsigned int\000"
 572      676E6564 
 572      20696E74 
 572      00
 573              	.LASF7:
 574 0161 6C6F6E67 		.ascii	"long long unsigned int\000"
 574      206C6F6E 
 574      6720756E 
 574      7369676E 
 574      65642069 
 575              	.LASF29:
 576 0178 433A5C55 		.ascii	"C:\\Users\\Jorge\\Documents\\PSoC Creator\\Robotics"
 576      73657273 
 576      5C4A6F72 
 576      67655C44 
 576      6F63756D 
 577 01a6 315C5365 		.ascii	"1\\Sensors.cydsn\000"
 577      6E736F72 
 577      732E6379 
 577      64736E00 
 578              	.LASF19:
 579 01b6 73706565 		.ascii	"speed\000"
 579      6400
 580              	.LASF15:
 581 01bc 73697A65 		.ascii	"sizetype\000"
 581      74797065 
 581      00
 582              	.LASF6:
 583 01c5 6C6F6E67 		.ascii	"long long int\000"
ARM GAS  C:\Users\Jorge\AppData\Local\Temp\ccQoKJH0.s 			page 13


 583      206C6F6E 
 583      6720696E 
 583      7400
 584              	.LASF28:
 585 01d3 6D61696E 		.ascii	"main.c\000"
 585      2E6300
 586              	.LASF13:
 587 01da 63686172 		.ascii	"char\000"
 587      00
 588              	.LASF2:
 589 01df 73686F72 		.ascii	"short int\000"
 589      7420696E 
 589      7400
 590              	.LASF4:
 591 01e9 6C6F6E67 		.ascii	"long int\000"
 591      20696E74 
 591      00
 592              	.LASF14:
 593 01f2 6C6F6E67 		.ascii	"long double\000"
 593      20646F75 
 593      626C6500 
 594              	.LASF0:
 595 01fe 7369676E 		.ascii	"signed char\000"
 595      65642063 
 595      68617200 
 596              	.LASF3:
 597 020a 73686F72 		.ascii	"short unsigned int\000"
 597      7420756E 
 597      7369676E 
 597      65642069 
 597      6E7400
 598              	.LASF26:
 599 021d 43794465 		.ascii	"CyDelay\000"
 599      6C617900 
 600              	.LASF16:
 601 0225 436F756E 		.ascii	"Count1\000"
 601      743100
 602              		.ident	"GCC: (GNU Tools for ARM Embedded Processors) 5.4.1 20160609 (release) [ARM/embedded-5-bran
